# callgrind format
version: 1
creator: callgrind-3.22.0
pid: 501270
cmd:  /home/rhappy/github/mulprec_rs/target/release/mulprec_rs
part: 1


desc: I1 cache: 
desc: D1 cache: 
desc: LL cache: 

desc: Timerange: Basic block 0 - 1134878037
desc: Trigger: Program termination

positions: line
events: Ir
summary: 2135101211


ob=(2) /usr/lib/x86_64-linux-gnu/libc.so.6
fl=(126) ./string/../sysdeps/x86_64/multiarch/strcasecmp_l.c
fn=(386) strcasecmp_l
31 1
fi=(114) ./string/../sysdeps/x86_64/multiarch/ifunc-strcasecmp.h
+6 2
-1 4
fe=(126)
-5 2
fi=(114)
+7 3
+3 2
+4 3
+3 4
fe=(126)

fl=(165) ./csu/../sysdeps/nptl/libc_start_call_main.h
fn=(558) (below main)
29 4
+15 1
-15 5
+15 1
cfi=(166) ./setjmp/../sysdeps/x86_64/bsd-_setjmp.S
cfn=(560) _setjmp
calls=1 -16 
* 38
* 1
+2 2
+5 2
+1 2
+3 2
+3 6
cob=(6) /home/rhappy/github/mulprec_rs/target/release/mulprec_rs
cfi=(162) ???
cfn=(566) main
calls=1 -58 
* 2134844681

fl=(184) ./malloc/./malloc/malloc.c
fn=(616) _int_malloc
3846 88
1326 16
+19 48
3887 16
1794 8
3914 16
+65 6
-63 12
+3 3
+2 6
+56 10
+62 5
+1 3
+20 8
-1 8
-1 8
+1 16
+1 16
-2 14
+12 40
-90 7
+2 7
-2 7
+2 14
-52 9
4487 96
4257 24
+2 3
+3 1
-3 1
+3 2
+1 8
+71 24
-4 8
+1 8
+1 8
-1 8
+1 8
+1 16
+1 24
+5 32
+4 24
+3 32
-3 24
+3 28
-3 21
+3 24
-3 12
4443 8
+1 16
+2 16
+3 24
+17 4
4070 4
-91 24
2552 1
+12 1
-12 5
+12 1
4460 24
cfn=(624) alloc_perturb
calls=8 1985 
* 32
+1 8
-9 14
+2 14
-1 7
+1 7
-3 7
+3 7
+2 7
-2 28
+2 7
+3 14
2553 1
+36 3
+1 1
-1 1
+1 1
+9 4
+9 3
2921 3
+1 1
+4 1
+4 5
+5 1
-2 1
+5 1
-3 2
-3 1
+2 1
+1 1
+1 1
-1 3
+1 1
4482 1
2669 3
+8 2
+1 3
+13 1
+2 1
-2 2
+8 5
+8 2
+48 4
+40 3
+19 2
+3 2
+1 6
+2 1
+1 5
cfi=(187) ./malloc/./malloc/morecore.c
cfn=(618) __glibc_morecore
calls=1 25 
* 33
+12 4
-12 1
+12 1
2008 4
3882 1
2873 1
+3 1
-1 1
+1 4
+12 1
-11 1
+11 2
2783 1
-1 2
2017 2
2745 1
+1 1
+6 3
-6 1
+6 3
-43 3
cfi=(187)
cfn=(618)
calls=1 25 
* 64
+1 2
-1 1
+1 1
2008 1
2711 1
2008 3
2712 1
+3 2
+29 3

fn=(614) tcache_init.part.0
3242 4
+9 8
+1 3
cfn=(616)
calls=1 3846 
* 359
+1 2
+8 4
+9 1
fi=(190) ./malloc/../string/bits/string_fortified.h
59 2
fe=(184)
3270 1
fi=(190)
59 86
fe=(184)
3274 3

fn=(694) _int_free
4495 49
+4 21
+6 28
+1 14
+4 35
+8 28
-1 14
+1 14
+29 7
-20 7
-6 7
+6 14
+20 28
4658 42
3163 7
+4 7
-4 7
+2 28
+1 7
+1 7
4550 7

fn=(688) _int_realloc
4914 8
+11 4
+1 5
+1 4
+6 2
+2 2
+1 3
+2 4
+3 2
+89 9
-79 2
+12 2
+12 4
cfn=(616)
calls=1 3846 
* 140
* 1
+1 2
+9 1
-6 1
+1 1
+5 2
+8 1
-1 1
fi=(190)
29 1
fe=(184)
4993 6
fi=(190)
29 1
cob=(3) ???
cfi=(153) ???
cfn=(690) 0x00000000048aa6b0
calls=1 -29 
* 24
fe=(184)
4997 4
cfn=(694)
calls=1 4495 
* 54
+2 1

fn=(684) realloc
3407 33
+6 6
+4 6
3538 2
3425 2
3538 12
3425 2
cfn=(604) malloc
calls=2 3294 
* 380
-1 6
5238 1
3433 1
5239 3
-1 2
+2 2
3538 9
5241 1
3441 2
+15 3
fi=(185) ./malloc/./malloc/arena.c
153 3
fe=(184)
3464 4
+1 2
1326 2
+19 6
3475 2
+31 2
+2 6
cfn=(688)
calls=1 4914 
* 292
* 1
+1 5
fi=(185)
153 4
fe=(184)
3509 2

fn=(624)
1985 24
+2 8

fn=(758) calloc
3699 2
+10 1
-10 7
+10 8
+8 2
+3 3
+2 2
+34 5
fi=(185)
153 2
fe=(184)
3732 1
+1 1
+21 2
-21 2
+21 1
cfn=(616)
calls=1 +92 
* 140
+2 2
+40 1
-12 1
+12 2
+3 5
+8 1
+2 2
+2 2
-55 3
+3 3
+78 1
fi=(190)
59 2
fe=(184)
3837 6
fi=(190)
59 1
cob=(3)
cfi=(153)
cfn=(748) 0x00000000048aa740
calls=1 -59 
* 28
fe=(184)

fn=(722) free
3359 6
+4 12
-4 18
+14 6
-14 18
+12 6
+4 6
-4 6
+4 12
+17 18
fi=(185)
153 18
fe=(184)
3398 18
cfn=(694)
calls=6 4495 
* 324
+3 6
+1 36

fn=(604)
3294 48
+7 12
1326 10
+19 30
3311 12
+2 24
+3 10
+10 10
+28 30
3248 4
cfn=(614)
calls=1 -6 
* 473
+68 2
+1 4
+1 18
3178 2
+4 2
+4 1
+4 1
-4 3
+4 1
+1 1
3354 6
-26 20
cfn=(616)
calls=5 3846 
* 699
+1 25
fi=(185)
153 10
264 1
cfn=(608) ptmalloc_init.part.0
calls=1 -2 
* 1151
fe=(184)
1326 2

fl=(100) ./wcsmbs/../sysdeps/x86_64/multiarch/wcscat.c
fn=(390) wcscat
31 1
fi=(97) ./wcsmbs/../sysdeps/x86_64/multiarch/ifunc-wcs.h
+9 3
-1 4
+2 3
+3 2
+4 4
fe=(100)
-17 1

fn=(324) wcschr
31 2
fi=(101) ./wcsmbs/../sysdeps/x86_64/multiarch/ifunc-avx2.h
+9 6
-2 8
fi=(102) ./wcsmbs/../sysdeps/x86_64/multiarch/wcschr.c
-7 4
fi=(101)
+10 4
+1 6
+3 4
+4 6
+3 10
fe=(100)

fl=(138) ./string/../sysdeps/x86_64/multiarch/mempcpy.c
fn=(428) mempcpy
33 1
fi=(99) ./string/../sysdeps/x86_64/multiarch/ifunc-memmove.h
+24 3
-1 2
+4 3
+14 2
+3 2
+8 2
+8 2
+3 5
fe=(138)

fl=(152) ./nptl/./nptl/pthread_mutex_conf.c
fn=(474) __pthread_tunables_init
55 2
+1 2
-1 2
+1 2
-1 4
+1 1
cob=(3)
cfi=(153)
cfn=(476) 0x00000000048aa720
calls=1 -56 
* 26
+2 4
cob=(3)
cfi=(153)
cfn=(476)
calls=1 -58 
* 25
+2 4
cob=(3)
cfi=(153)
cfn=(476)
calls=1 -60 
* 26
+2 6

fl=(113) ./string/../sysdeps/x86_64/multiarch/strcasecmp.c
fn=(354) strcasecmp
31 1
fi=(114)
+6 2
-1 4
fe=(113)
-5 2
fi=(114)
+7 3
+3 2
+4 3
+3 4
fe=(113)

fl=(129) ./wcsmbs/../sysdeps/x86_64/multiarch/wmemcmp.c
fn=(402) wmemcmp
29 1
fi=(130) ./wcsmbs/../sysdeps/x86_64/multiarch/ifunc-memcmp.h
+5 5
+1 2
+1 2
+1 3
+3 2
+4 3
+3 4
fe=(129)
-18 2

fl=(137) ./wcsmbs/../sysdeps/x86_64/multiarch/wcpcpy.c
fn=(424) wcpncpy
31 1
fi=(97)
+9 3
-1 4
+2 3
+3 2
+4 4
fi=(231) ./wcsmbs/../sysdeps/x86_64/multiarch/wcpncpy.c
-17 1
fe=(137)

fl=(149) ./ctype/./ctype/ctype-info.c
fn=(468) __ctype_init
29 1
+2 7
+2 4
+2 4
+1 1

fl=(169) ./io/../sysdeps/unix/sysv/linux/poll.c
fn=(570) poll
27 1
+2 6
+14 1

fl=(218) ./nptl/./nptl/pthread_attr_setaffinity.c
fn=(752) pthread_attr_setaffinity_np@@GLIBC_2.32
29 8
+5 5
+28 1
+1 7
-18 1
cfi=(219) ./nptl/./nptl/pthread_attr_extension.c
cfn=(754) __pthread_attr_extension
calls=1 -20 
* 259
+1 2
+3 1
+2 1
-2 2
+2 2
cob=(3)
cfi=(153)
cfn=(682) 0x00000000048aa410
calls=1 -51 
* 218
* 1
+1 2
+3 2
+1 1
fi=(182) ./nptl/../string/bits/string_fortified.h
-27 3
cob=(3)
cfi=(153)
cfn=(690)
calls=1 -29 
* 14
* 1
fe=(218)

fl=(159) ./string/../sysdeps/x86_64/multiarch/strrchr-avx2.S
fn=(516) __strrchr_avx2
53 1
+1 1
+1 1
+2 1
+1 1
+4 1
+1 1
+1 1
+3 1
+2 1
+1 1
+1 1
+1 1
+65 1
+1 1
+1 1
+4 1
+1 1
+1 1
+1 1
+4 2
+6 1
+3 1
+1 1
+1 1
+1 1
+1 1
+1 1
+2 1
+1 1
+1 1
+1 1
+1 1

fl=(95) ./string/../sysdeps/x86_64/multiarch/memrchr.c
fn=(312) memrchr
29 1
fi=(84) ./string/../sysdeps/x86_64/multiarch/ifunc-avx2.h
+11 3
-2 4
fe=(95)
-9 2
fi=(84)
+12 2
+1 3
+3 2
+4 3
+3 5
fe=(95)

fl=(214) ./libio/./libio/iofclose.c
fn=(726) fclose@@GLIBC_2.2.5
34 8
+14 3
+9 1
fi=(201) ./libio/./libio/libioP.h
1025 3
+1 2
fe=(214)
57 3
cfi=(192) ./libio/./libio/fileops.c
cfn=(742) _IO_file_finish@@GLIBC_2.2.5
calls=1 168 
* 34
+1 3
+13 2
fi=(201)
951 4
+1 4
+6 2
cob=(3)
cfi=(153)
cfn=(720) 0x00000000048aa3e0
calls=1 0 
* 87
fe=(214)
76 7
-27 1
cfi=(191) ./libio/./libio/genops.c
cfn=(728) _IO_un_link
calls=1 +4 
* 90
+2 3
+1 2
+1 2
cfi=(192)
cfn=(732) _IO_file_close_it@@GLIBC_2.2.5
calls=1 +75 
* 204
fi=(201)
979 1
fe=(214)
53 1
fi=(201)
979 3
+1 9
fe=(214)

fl=(191)
fn=(734) _IO_unsave_markers
937 6
+2 2
+5 3
+2 3

fn=(628) _IO_no_init
563 484
+1 44
cfn=(630) _IO_old_init
calls=44 -33 
* 1014
+1 44
+1 88
+2 1
+4 1
+7 1
+2 1
-9 5
+15 1
+1 6
-1 43
+1 258
-2 86

fn=(744) _IO_default_finish
601 6
+2 3
+6 3
+3 3
54 2
624 3

fn=(728)
53 2
+1 4
+28 2
cfn=(730) __GI__IO_un_link.part.0
calls=1 -30 
* 86

fn=(730)
52 4
+6 1
-6 2
+6 1
-6 4
+6 4
cfi=(193) ./nptl/./nptl/libc-cleanup.c
cfn=(636) __libc_cleanup_push_defer
calls=1 -34 
* 13
+1 7
+2 1
-1 1
+1 3
+4 2
+9 2
+2 2
-13 4
+14 1
+1 3
+1 2
cfi=(193)
cfn=(638) __libc_cleanup_pop_restore
calls=1 -25 
* 9
+3 9
-4 5
-12 3
-7 3

fn=(656) __underflow
269 25
+1 5
-1 5
+1 11
+5 15
+3 5
173 5
278 10
+2 10
+6 10
+7 5
fi=(201)
1025 15
+1 10
fe=(191)
293 10
+1 15
-1 5
cfi=(192)
cfn=(658) _IO_file_underflow@@GLIBC_2.2.5
calls=5 462 
* 775
-23 8
+21 15

fn=(630)
531 44
+3 44
-2 44
+2 44
+5 44
-7 44
+2 44
+10 44
-10 44
+16 44
-11 44
-5 44
+16 44
-16 44
+21 44
-16 220
+16 88
+1 2
+2 44

fn=(634) _IO_link_in
87 14
+1 10
+18 18
-16 1
+2 3
-2 1
+2 4
cfi=(193)
cfn=(636)
calls=1 -68 
* 13
+1 7
+10 2
cfi=(193)
cfn=(638)
calls=1 -49 
* 9
+3 1
-11 5
+2 1
-2 1
+3 1
-3 1
+2 1
+3 4
+2 1
-2 1
+1 1
+1 5
-9 2
+1 1
+1 2

fn=(668) _IO_setb
329 495
+1 182
+5 90
-3 45
+3 90
-2 45
+2 90
+3 270
-7 1
cob=(3)
cfi=(153)
cfn=(720)
calls=1 0 
* 87
+4 2

fn=(660) _IO_doallocbuf
343 1
+1 2
-1 7
+3 3
+1 1
fi=(201)
1025 3
+1 2
fe=(191)
347 2
cfi=(199) ./libio/./libio/filedoalloc.c
cfn=(662) _IO_file_doallocate
calls=1 78 
* 269
* 2
+3 6

fn=(712) _IO_sputbackc
635 1204
+3 516
+1 344
+9 172
+3 860
-10 344
+1 172
+5 172

fn=(672) _IO_switch_to_get_mode
164 30
+1 15
+3 15
+4 10
+1 10
+7 5
-4 5
+4 5
-2 10
+3 5
+1 20

fl=(164) ./stdlib/./stdlib/cxa_atexit.c
fn=(538) __cxa_atexit
67 7
-26 2
+2 8
+1 2
cfn=(540) __new_exitfn
calls=1 +36 
* 33
+2 2
+8 1
-2 1
+3 1
+1 1
-4 2
+1 1
+4 4
+1 1
+11 6

fn=(540)
80 1
+6 2
-6 4
+11 2
-10 1
+10 4
+2 4
-2 1
+10 1
-10 3
+45 1
+5 3
-4 1
+4 2
-18 1
-1 1
+12 1

fl=(222) ./signal/../sysdeps/unix/syscall-template.S
fn=(768) sigaltstack
120 10
+2 2

fl=(131) ./debug/../sysdeps/x86_64/multiarch/memmove_chk.c
fn=(406) __memmove_chk
29 1
fi=(93) ./debug/../sysdeps/x86_64/multiarch/ifunc-memmove.h
+28 3
-1 2
+4 3
+14 2
+3 2
+8 2
+8 2
+3 5
fe=(131)

fl=(166)
fn=(560)
28 1
+2 1
+2 1
cfi=(167) ./setjmp/../sysdeps/x86_64/setjmp.S
cfn=(562) __sigsetjmp
calls=1 -1 
* 35

fl=(87) ./wcsmbs/../sysdeps/x86_64/multiarch/wcsnlen.c
fn=(292) wcsnlen
30 1
fi=(88) ./wcsmbs/../sysdeps/x86_64/multiarch/ifunc-wcslen.h
+11 2
-1 4
+2 3
+3 2
+4 3
+3 3
fe=(87)
-22 1

fl=(154) ./nptl/../sysdeps/unix/sysv/linux/x86/elision-conf.c
fn=(478) __lll_elision_init
92 2
+4 1
-4 2
+4 2
-4 1
+4 1
-4 3
+4 1
cob=(3)
cfi=(153)
cfn=(476)
calls=1 -96 
* 26
+2 4
cob=(3)
cfi=(153)
cfn=(476)
calls=1 -98 
* 26
+2 4
cob=(3)
cfi=(153)
cfn=(476)
calls=1 0 
* 26
+2 4
cob=(3)
cfi=(153)
cfn=(476)
calls=1 0 
* 26
+2 4
cob=(3)
cfi=(153)
cfn=(476)
calls=1 0 
* 26
+3 3
+1 1
+1 6

fl=(173) ./signal/./signal/sigaction.c
fn=(578) sigaction
26 5
+1 15
fi=(171) ./signal/../sysdeps/unix/sysv/linux/internal-signals.h
+26 5
fe=(173)
-26 10
+6 5
cfi=(174) ./signal/../sysdeps/unix/sysv/linux/libc_sigaction.c
cfn=(582) __libc_sigaction
calls=5 +10 
* 282

fl=(98) ./string/../sysdeps/x86_64/multiarch/memcmpeq.c
fn=(320) memcpy@@GLIBC_2.14
29 2
fi=(99)
+28 6
-1 4
+4 6
+14 4
+3 4
+8 4
+8 4
+3 10
fe=(98)

fl=(119) ./string/../sysdeps/x86_64/multiarch/strncase_l.c
fn=(366) strncasecmp_l
31 1
fi=(114)
+6 2
-1 4
fe=(119)
-5 2
fi=(114)
+7 3
+3 2
+4 3
+3 4
fe=(119)

fl=(112) ./string/../sysdeps/x86_64/multiarch/strncmp.c
fn=(352) strncmp
67 1
-23 2
-1 4
+24 2
-22 3
+3 2
+4 3
+3 4

fl=(219)
fn=(754)
25 1
+1 2
-1 1
+3 1
-3 3
+3 1
-3 1
+3 1
cob=(3)
cfi=(153)
cfn=(756) 0x00000000048aa450
calls=1 -28 
* 241
* 1
+1 2
-2 1
+5 3

fl=(96) ./wcsmbs/../sysdeps/x86_64/multiarch/wcsncpy.c
fn=(316) wcsncpy
31 1
fi=(97)
+9 3
-1 4
+2 3
+3 2
+4 4
fe=(96)
-17 1

fl=(121) ./string/../sysdeps/x86_64/multiarch/memcmp.c
fn=(374) bcmp
29 2
fi=(122) ./string/../sysdeps/x86_64/multiarch/ifunc-memcmp.h
+5 10
+1 4
+1 4
+1 6
+3 4
+4 6
+3 8
fe=(121)
-18 4

fl=(150) ./resource/../sysdeps/unix/sysv/linux/getrlimit64.c
fn=(470) getrlimit
38 4
+1 14
+1 2

fl=(185)
fn=(608)
262 1
fi=(186) ./malloc/../sysdeps/unix/sysv/linux/not-cancel.h
97 3
fe=(185)
262 7
+5 1
fi=(186)
97 3
fi=(184)
3143 2
fe=(185)
292 2
+4 3
fi=(184)
1946 4
+3 1
-3 1
+3 2
-3 2
+3 126
-3 126
+3 252
-3 252
+11 1
fe=(185)
300 3
fi=(184)
1958 1
+2 1
fe=(185)
300 1
cob=(3)
cfi=(153)
cfn=(476)
calls=1 0 
* 25
+1 4
cob=(3)
cfi=(153)
cfn=(476)
calls=1 0 
* 26
+1 4
cob=(3)
cfi=(153)
cfn=(476)
calls=1 0 
* 25
+1 4
cob=(3)
cfi=(153)
cfn=(476)
calls=1 0 
* 25
+1 4
cob=(3)
cfi=(153)
cfn=(476)
calls=1 0 
* 26
+1 4
cob=(3)
cfi=(153)
cfn=(476)
calls=1 0 
* 25
+1 4
cob=(3)
cfi=(153)
cfn=(476)
calls=1 0 
* 25
+2 4
cob=(3)
cfi=(153)
cfn=(476)
calls=1 0 
* 25
+1 4
cob=(3)
cfi=(153)
cfn=(476)
calls=1 0 
* 25
+1 4
cob=(3)
cfi=(153)
cfn=(476)
calls=1 0 
* 25
+3 4
cob=(3)
cfi=(153)
cfn=(476)
calls=1 0 
* 25
+1 4
cob=(3)
cfi=(153)
cfn=(476)
calls=1 0 
* 25
+2 2
+10 8

fl=(199)
fn=(662)
78 11
+6 4
fi=(201)
1025 3
+1 2
fe=(199)
84 3
cfi=(192)
cfn=(664) _IO_file_stat
calls=1 1147 
* 9
* 2
+2 4
+11 4
+4 2
cob=(3)
cfi=(153)
cfn=(602) 0x00000000048aa3f0
calls=1 0 
* 179
* 1
+1 2
+2 4
cfi=(191)
cfn=(668)
calls=1 329 
* 29
+1 1
+1 9

fl=(148) ./elf/./elf/libc_early_init.c
fn=(466) __libc_early_init
33 9
+2 1
cfi=(149)
cfn=(468)
calls=1 -6 
* 17
+3 1
fi=(151) ./elf/../sysdeps/nptl/pthread_early_init.h
-5 2
fe=(148)
+8 1
-3 1
+3 1
fi=(151)
-8 1
cfi=(150)
cfn=(470)
calls=1 +5 
* 10
* 3
+1 1
+4 5
+7 1
fi=(232) ./elf/../nptl/nptl-stack.h
+16 3
fi=(151)
-16 1
fi=(232)
+16 2
fi=(151)
-7 1
fi=(232)
+7 3
fi=(151)
-9 1
-6 1
+2 2
+4 4
+1 1
+3 1
cfi=(152)
cfn=(474)
calls=1 -1 
* 104
fe=(148)
-9 3
+2 2
-2 1
cfi=(154)
cfn=(478)
calls=1 +45 
* 169

fl=(157) ./csu/./csu/init-first.c
fn=(510) _init_first
46 6
+5 2
+4 5
+8 1
-2 1
+10 1
-9 1
+1 1
+9 3
-1 1
cfi=(158) ./misc/./misc/init-misc.c
cfn=(512) __init_misc
calls=1 -41 
* 62

fl=(209) ./stdio-common/./stdio-common/vfscanf-internal.c
fn=(708) __vfscanf_internal
278 559
+10 215
+1 43
fi=(213) ./stdio-common/../include/scratch_buffer.h
78 43
fe=(209)
289 43
fi=(213)
77 86
fe=(209)
339 43
fi=(213)
77 43
fe=(209)
339 172
+6 129
+3 172
+4 43
+20 86
-20 43
+13 43
-6 43
+8 86
-8 43
+8 43
+5 86
-5 43
+5 129
cfi=(193)
cfn=(636)
calls=43 24 
* 559
* 129
+9 43
fi=(233) ./stdio-common/../string/bits/string_fortified.h
59 43
fe=(209)
381 129
-49 43
-48 43
-1 43
+10 43
-11 43
+46 43
-1 43
-1 43
-1 43
-12 43
-30 86
419 258
+24 258
+1 258
+3 215
+7 344
+8 43
-8 43
+8 86
+8 86
-27 86
-62 516
3095 258
+3 86
223 86
-17 86
+17 86
-1 86
489 86
222 172
489 172
222 86
489 172
-6 86
fi=(210) ./stdio-common/./stdio-common/printf-parse.h
55 516
fe=(209)
506 430
345 86
3105 172
cfi=(193)
cfn=(638)
calls=43 54 
* 387
fi=(213)
85 172
fe=(209)
3109 86
+17 86
+6 516
660 172
+4 172
+1 516
+4 86
+1 258
-1 86
+1 602
+6 516
+3 172
-3 86
+3 344
-3 172
+4 688
+1 430
+4 258
-4 258
cfi=(191)
cfn=(712)
calls=86 -46 
* 1892
+4 1032
530 86
+3 774
+13 258
+8 86
-21 172
1450 516
+5 86
-5 86
+5 172
+9 602
+2 112
260 56
1466 112
260 112
+3 168
1470 392
+2 448
+12 112
+10 112
1813 344
+9 86
fi=(213)
113 344
fe=(209)
1822 172
fi=(213)
113 258
fe=(209)
1815 1516
260 1344
1877 672
260 1344
+3 2016
1879 2688
+2 6048
-68 1688
231 86
1884 172
206 86
1891 172
214 172
1892 172
+28 602
cfi=(191)
cfn=(712)
calls=86 635 
* 1892
* 258
260 172
+3 258
1924 172
1742 172
1942 172
206 86
1742 172
1941 258
+7 258
+3 430
+6 86
-4 172
+18 774
+9 172
3084 86
-5 172
1817 3876
1498 60
1813 172
1501 258
1945 86
cfi=(211) ./stdlib/../stdlib/strtol.c
cfn=(714) __strtoul_internal
calls=86 107 
* 22900
* 258
+25 172
+1 258

fl=(207) ./libio/./libio/strops.c
fn=(702) _IO_str_init_static_internal
36 430
+4 86
+1 86
cob=(3)
cfi=(153)
cfn=(704) 0x00000000048aa500
calls=43 -41 
* 1372
* 43
+5 215
cfi=(191)
cfn=(668)
calls=43 329 
* 1247
+5 129
-3 43
+1 43
+1 43
+3 43
+1 43
+1 43
+9 43
+1 258
-14 172

fl=(221) ./nptl/./nptl/pthread_attr_destroy.c
fn=(764) pthread_attr_destroy
26 1
+10 3
-10 5
+12 2
cob=(3)
cfi=(153)
cfn=(720)
calls=1 -38 
* 87
+1 2
cob=(3)
cfi=(153)
cfn=(720)
calls=1 -39 
* 87
+5 4

fl=(217) ./string/../sysdeps/x86_64/multiarch/memset-vec-unaligned-erms.S
fn=(750) __memset_avx2_unaligned_erms
158 8048
+1 16096
+5 8048
+1 8048
+1 8047
+1 8047
+1 8047
+69 8047
+1 8047
+6 1
+1 1
+12 1
+3 1
+1 1
+12 1
+1 1
+13 1
+1 1
+2 1
+18 1
+1 1
+1 1
+1 1
+3 2
+11 8046
+1 8046
+1 8046
+1 746733117
+1 8045
+1 16090
+7 1
+9 1
+1 1
+31 1
+1 1
+1 1

fl=(211)
fn=(714)
107 86
+1 344
cfi=(212) ./stdlib/../stdlib/strtol_l.c
cfn=(716) ____strtoul_l_internal
calls=86 238 
* 22470

fl=(158)
fn=(512)
30 1
+1 2
-1 4
+1 4
+2 3
cob=(3)
cfi=(153)
cfn=(514) 0x00000000048aa660
calls=1 -33 
* 36
+4 5
+1 3
+2 4

fl=(215) ./io/../sysdeps/unix/sysv/linux/close_nocancel.c
fn=(738) __close_nocancel
25 1
+1 4
+1 1

fl=(226) ./nptl/./nptl/pthread_key_create.c
fn=(778) pthread_key_create@@GLIBC_2.34
25 2
+2 6
+2 2
+2 4
-2 1
+2 8
-4 4
+6 6
+4 6
+6 2
-3 2
+3 2

fl=(132) ./string/../sysdeps/x86_64/multiarch/stpcpy.c
fn=(410) stpcpy
33 1
fi=(118) ./string/../sysdeps/x86_64/multiarch/ifunc-strcpy.h
+5 2
+1 1
-1 2
+1 2
+3 2
+4 3
+3 3
fe=(132)
-16 1

fl=(229) ./time/../sysdeps/unix/sysv/linux/clock_gettime.c
fn=(794) clock_gettime@@GLIBC_2.17
30 1
+8 2
+2 2
+28 2
+1 2
-25 2

fl=(123) ./wcsmbs/../sysdeps/x86_64/multiarch/wmemset.c
fn=(378) wmemset
31 2
fi=(124) ./wcsmbs/../sysdeps/x86_64/multiarch/ifunc-wmemset.h
+5 10
+1 6
fe=(123)
-6 2

fl=(91) ./wcsmbs/../sysdeps/x86_64/multiarch/wcslen.c
fn=(300) wcslen
29 1
fi=(88)
+12 2
-1 4
+2 3
+3 2
+4 3
+3 3
fe=(91)
-23 1

fl=(193)
fn=(636)
24 45
+1 45
+2 90
+2 90
+3 90
+14 135
+2 45
+1 45

fn=(638)
54 45
+1 45
+2 90
+2 45
+1 135
+11 45

fl=(228) ./nptl/./nptl/pthread_setspecific.c
fn=(782) pthread_setspecific@@GLIBC_2.34
25 8
+7 1
+4 2
+3 5
+2 1
-2 3
+4 3
+3 2
+35 1
+5 1
+1 1
-1 1
-20 1
+24 7

fl=(120) ./string/../sysdeps/x86_64/multiarch/strchrnul.c
fn=(370) strchrnul
31 1
fi=(84)
+9 3
-2 4
fe=(120)
-7 2
fi=(84)
+10 2
+1 3
+3 2
+4 3
+3 5
fe=(120)

fl=(160) ./libio/./libio/vtables.c
fn=(518) check_stdfiles_vtables
545 1
+1 4
+1 3
+1 3
+2 1

fl=(194) ./io/../sysdeps/unix/sysv/linux/open64_nocancel.c
fn=(644) __open_nocancel
28 2
+3 1
-3 6
+3 6
+8 7
+2 5

fl=(224) ./misc/../sysdeps/unix/sysv/linux/mmap64.c
fn=(772) mmap
47 1
+3 2
-3 6
+6 2
+5 6
+2 4
-7 5

fl=(212)
fn=(716)
238 430
+54 86
-54 86
+19 86
-19 344
+14 86
-14 258
+26 172
+31 344
+9 516
+2 172
+5 172
-1 86
+6 172
+4 172
+15 60
+55 90
+1 90
+4 30
+56 150
+26 30
+1 30
-84 30
-1 30
+96 60
-12 56
+1 56
-84 56
-1 56
+96 112
-5 1456
+5 728
+1 2184
-41 1456
+2 2912
+2 2184
+7 144
+17 144
+1 144
+3 2184
+3 1456
+11 172
+5 258
+1 86
+12 172
+11 430
+22 774
342 60
+48 30
258 30
387 60
-65 392
+5 112
+63 56
+1 112
-1 56
+1 168
+4 112
-63 280

fl=(179) ./nptl/./nptl/pthread_self.c
fn=(592) pthread_self
23 1
+2 2

fl=(133) ./string/../sysdeps/x86_64/multiarch/memmove.c
fn=(414) memmove
29 2
fi=(99)
+28 6
-1 4
+4 6
+14 4
+3 4
+8 4
+8 4
+3 10
fe=(133)

fl=(168) ./setjmp/./setjmp/sigjmp.c
fn=(564) __sigjmp_save
28 6
+2 2
-1 1
+5 4

fl=(81) ./string/../sysdeps/x86/cacheinfo.c
fn=(280) __x86_cacheinfo
86 1
fi=(82) ./string/../sysdeps/x86/cacheinfo.h
-27 1
+3 3
+2 1
+1 1
-1 2
+7 3
+2 1
+1 1
-1 2
+5 2
+2 2
+1 2
+1 2
+2 2
+2 2
fe=(81)

fl=(220) ./nptl/./nptl/pthread_attr_getstack.c
fn=(762) pthread_attr_getstack@@GLIBC_2.34
24 1
+7 1
-7 1
+7 3
+7 1
-3 1
+3 1

fl=(223) ./misc/./misc/getauxval.c
fn=(770) getauxval
56 1
-24 1
-2 2
+5 2
+7 92
+1 44
+19 2
+1 1
+1 1

fl=(202) ./io/../sysdeps/unix/sysv/linux/read_nocancel.c
fn=(676) __read_nocancel
25 5
+1 20
+1 5

fl=(200) ./io/../sysdeps/unix/sysv/linux/fstat64.c
fn=(666) fstat
30 1
+9 4
+33 1

fl=(85) ./string/../sysdeps/x86_64/multiarch/strpbrk.c
fn=(288) strpbrk
29 1
fi=(234) ./string/../sysdeps/x86_64/multiarch/ifunc-sse4_2.h
+7 5
fe=(85)
-7 1

fl=(167)
fn=(562)
31 1
+2 1
+9 1
+1 2
+1 1
+4 1
+1 1
+1 1
+1 1
+1 1
+2 2
+2 1
+1 1
+1 1
+2 2
+2 1
+5 1
+1 1
+17 1
cfi=(168)
cfn=(564)
calls=1 -57 
* 13

fl=(204) ./string/../sysdeps/x86_64/multiarch/memmove-vec-unaligned-erms.S
fn=(692) __memcpy_avx_unaligned_erms
255 1059
+1 1059
+6 1059
+1 1059
+2 1049
+1 1049
+1 1049
+3 14
+1 14
+1 14
+3 28
+30 10
+1 10
+2 9
+1 9
+2 7
+4 7
+1 6
+1 6
+1 6
+1 6
+4 6
+2 6
+6 1
+1 1
+1 1
+1 1
+1 1
+7 1
+1 1
+1 1
+1 1
+2 1
+17 2
+1 2
+1 2
+1 2
+1 2
+7 26
+1 26
+1 26
+1 26
+1 26
+1 26
+1 52
+5 1035
+1 1035
+5 31
+1 31
+2 31
+1 31
+1 31
+2 5
+1 5
+1 5
+1 5
+1 5
+1 5
+1 5
+1 5
+1 5
+1 5
+1 5
+1 5
+1 5
+1 5
+1 10
563 1004
+7 1004
+1 1004
+30 1004
+1 1004
+4 1004
+2 1004
+3 1004
+4 1004
+1 1004
+4 1004
+4 1004
+24 1004
+2 1004
+2 1004
+2 1004
+3 1004
+1 1004
+2 93148108
+3 1004
+2 1004
+2 2008

fl=(227) ./nptl/./nptl/pthread_key_delete.c
fn=(780) pthread_key_delete@@GLIBC_2.34
25 1
+3 2
+2 5
+2 2
+1 4
+3 1
+4 1

fl=(197) ./stdio-common/./stdio-common/getline.c
fn=(652) getline
27 86
+1 86
cfi=(198) ./libio/./libio/iogetdelim.c
cfn=(654) getdelim
calls=43 +13 
* 7999

fl=(103) ./string/../sysdeps/x86_64/multiarch/strchr.c
fn=(330) index
65 1
-22 2
+1 1
-2 4
+2 2
+3 2
+4 3
+3 3
+11 1

fl=(107) ./wcsmbs/../sysdeps/x86_64/multiarch/wcscmp.c
fn=(340) wcscmp
30 1
fi=(101)
+10 3
-2 4
fe=(107)
-8 2
fi=(101)
+11 2
+1 3
+3 2
+4 3
+3 5
fe=(107)

fl=(89) ./string/../sysdeps/x86_64/multiarch/memset.c
fn=(296) memset
29 2
fi=(90) ./string/../sysdeps/x86_64/multiarch/ifunc-memset.h
+25 10
+3 6
+7 4
+9 4
+2 4
+10 4
+8 4
+3 10
fe=(89)

fl=(104) ./debug/../sysdeps/x86_64/multiarch/memset_chk.c
fn=(332) __memset_chk
29 1
fi=(105) ./debug/../sysdeps/x86_64/multiarch/ifunc-memset.h
+25 5
+3 3
+7 2
+9 2
+2 2
+10 2
+8 2
+3 5
fe=(104)

fl=(170) ./signal/../sysdeps/posix/signal.c
fn=(572) signal
30 2
+4 1
-4 5
+4 4
fi=(171)
+19 1
fe=(170)
-18 2
fi=(172) ./signal/../sysdeps/unix/sysv/linux/sigsetops.h
+67 1
fe=(170)
-61 1
+4 2
fi=(172)
+57 1
+2 1
-8 1
fe=(170)
-52 4
+1 1
cfi=(173)
cfn=(578)
calls=1 -19 
* 84
* 1
+3 1
-3 2
+4 5

fl=(125) ./string/../sysdeps/x86_64/multiarch/strcpy.c
fn=(382) strcpy
29 1
fi=(118)
+9 2
+1 1
-1 2
+1 2
+3 2
+4 3
+3 3
fe=(125)
-20 1

fl=(195) ./string/../string/strstr.c
fn=(646) __GI_strstr
77 9
+5 1
-5 3
+5 2
+2 4
cob=(3)
cfi=(153)
cfn=(648) 0x00000000048aa680
calls=1 -84 
* 23
* 1
+1 2
+1 2
+75 12

fl=(188) ./misc/./misc/sbrk.c
fn=(620) sbrk
37 16
+3 2
+3 2
-3 2
+3 2
+35 7
-20 4
+4 4
+4 4
+8 1
cfi=(189) ./misc/../sysdeps/unix/sysv/linux/brk.c
cfn=(622) brk
calls=1 -38 
* 9
* 2
+4 7
-19 2
cfi=(189)
cfn=(622)
calls=1 -23 
* 9
* 2
+4 2

fl=(116) ./wcsmbs/../sysdeps/x86_64/multiarch/wcscpy.c
fn=(360) wcscpy
60 1
-17 2
-1 4
+2 3
+2 2
+4 3
+10 1

fl=(136) ./string/../sysdeps/x86_64/multiarch/strspn.c
fn=(422) strspn
29 1
fi=(234)
+7 5
fe=(136)
-7 1

fl=(174)
fn=(582)
43 40
+5 10
+2 3
fi=(235) ./signal/../string/bits/string_fortified.h
-21 3
fe=(174)
+29 3
fi=(235)
-29 6
fe=(174)
+21 3
+3 3
fi=(235)
-24 9
fe=(174)
+24 3
fi=(235)
-24 9
fe=(174)
+24 6
fi=(235)
-24 3
fe=(174)
+29 3
-5 3
+5 9
fi=(235)
-29 18
fe=(174)
+29 30
+5 16
+2 3
fi=(235)
-36 15
fe=(174)
+36 3
fi=(235)
-36 9
fe=(174)
+38 3
fi=(235)
-38 9
fe=(174)
+38 3
+1 3
fi=(235)
-39 3
fe=(174)
+39 3
fi=(235)
-39 12
fe=(174)
+42 30
-13 6

fl=(83) ./string/../sysdeps/x86_64/multiarch/strnlen.c
fn=(284) strnlen
31 2
fi=(84)
+9 6
-2 8
fe=(83)
-7 4
fi=(84)
+10 4
+1 6
+3 4
+4 6
+3 10
fe=(83)

fl=(208) ./string/../sysdeps/x86_64/multiarch/strlen-avx2.S
fn=(706) __strlen_avx2
52 43
+13 43
+1 43
+1 43
+3 43
+2 43
+1 43
+3 43
+1 43
+8 43
+1 43
+32 13
+13 13
+1 13
+1 13
+6 26
+29 5
+13 5
+1 5
+1 5
+6 10
+4 25
+13 25
+1 25
+1 25
+6 50
+7 43
+15 43
+6 43
+1 43
+1 43
+2 30
+1 30
+1 30
+1 30
+2 30
+1 30
+1 30
+1 30
+2 25
+1 25
+1 25
+1 25

fl=(106) ./string/../sysdeps/x86_64/multiarch/strrchr.c
fn=(336) rindex
28 1
fi=(84)
+12 3
-2 4
fe=(106)
-10 2
fi=(84)
+13 2
+1 3
+3 2
+4 3
+3 5
fe=(106)

fl=(163) ./csu/../csu/libc-start.c
fn=(536) __libc_start_main@@GLIBC_2.34
242 13
+69 3
+1 3
cfi=(164)
cfn=(538)
calls=1 67 
* 72
+25 6
+6 2
-3 2
+10 2
cob=(3)
cfi=(153)
cfn=(554) 0x00000000048aa7b0
calls=1 0 
* 7
+2 2
+8 4
cfi=(165)
cfn=(558)
calls=1 29 
* 2134844745
128 2
+6 3
+1 6
cob=(3)
cfi=(153)
cfn=(542) 0x000000000010f000
calls=1 0 
* 7
* 1
+3 1
+1 2
+3 2
+1 2
-1 1
+2 9
+1 4
cob=(6)
cfi=(162)
cfn=(548) 0x00000000000089d0
calls=1 0 
* 12
* 4
cob=(6)
cfi=(162)
cfn=(546) std::sys::pal::unix::args::imp::ARGV_INIT_ARRAY::init_wrapper
calls=1 0 
* 7
-1 7

fl=(175) ./posix/../sysdeps/unix/sysv/linux/x86/sysconf.c
fn=(584) sysconf
32 12
+1 3
fi=(176) ./posix/../sysdeps/unix/sysv/linux/x86/../sysconf.c
+16 10
fe=(175)
-12 10
fi=(177) ./posix/../sysdeps/posix/sysconf.c
+23 12
221 1
cfi=(178) ./misc/../sysdeps/unix/sysv/linux/getpagesize.c
cfn=(590) getpagesize
calls=1 27 
* 6
* 2
60 2
fe=(175)

fl=(230) ./io/../sysdeps/unix/sysv/linux/write.c
fn=(828) write
25 6
+1 36
+1 6

fl=(181) ./nptl/./nptl/pthread_attr_init.c
fn=(596) pthread_attr_init@@GLIBC_2.2.5
32 2
fi=(182)
+27 1
fe=(181)
-27 4
fi=(182)
+27 4
fe=(181)
-13 1
cfi=(178)
cfn=(590)
calls=1 -19 
* 6
* 2
+3 4

fl=(127) ./string/../sysdeps/x86_64/multiarch/strlen.c
fn=(394) strlen
29 2
fi=(84)
+11 6
-2 8
fe=(127)
-9 4
fi=(84)
+12 4
+1 6
+3 4
+4 6
+3 10
fe=(127)

fl=(198)
fn=(654)
41 430
+6 43
-6 129
+6 86
+7 172
+8 255
+12 129
+1 86
-34 86
+60 47
+6 47
-7 94
+1 47
+6 47
-6 94
+4 5
+2 1
cob=(3)
cfi=(153)
cfn=(682)
calls=1 0 
* 374
+1 2
-1 1
+1 1
+6 2
+1 2
+2 2
fi=(236) ./libio/../string/bits/string_fortified.h
-88 4
cob=(3)
cfi=(153)
cfn=(690)
calls=1 -29 
* 32
fe=(198)
+88 46
fi=(236)
-88 184
cob=(3)
cfi=(153)
cfn=(690)
calls=46 -29 
* 970
fe=(198)
+91 47
-2 47
+2 102
cfi=(191)
cfn=(656)
calls=4 269 
* 524
* 8
+2 8
-3 4
+3 4
-33 16
cob=(3)
cfi=(153)
cfn=(678) 0x00000000048aa480
calls=4 -89 
* 114
* 172
cob=(3)
cfi=(153)
cfn=(678)
calls=43 -89 
* 1695
* 47
+2 188
+1 188
fi=(201)
979 86
fe=(198)
130 387
-82 86
+16 1
+1 1
-1 1
+1 1
cob=(3)
cfi=(153)
cfn=(602)
calls=1 -65 
* 192
* 2
+1 2
+58 129
fi=(201)
979 86
fe=(198)
77 2
cfi=(191)
cfn=(656)
calls=1 269 
* 435
* 2
+5 4

fl=(92) ./debug/../sysdeps/x86_64/multiarch/mempcpy_chk.c
fn=(304) __mempcpy_chk
29 1
fi=(93)
+28 3
-1 2
+4 3
+14 2
+3 2
+8 2
+8 2
+3 5
fe=(92)

fl=(108) ./string/../sysdeps/x86_64/multiarch/stpncpy.c
fn=(344) stpncpy
31 1
fi=(109) ./string/../sysdeps/x86_64/multiarch/ifunc-strncpy.h
+4 5
+1 3
+3 2
+4 3
+3 4
fe=(108)
-15 1

fl=(192)
fn=(642) _IO_file_open
182 2
+3 1
-3 10
+2 2
+5 2
+3 2
+3 1
-4 1
+1 3
+3 1
-3 1
+3 1
+10 2
cfi=(191)
cfn=(634)
calls=1 87 
* 21
+1 1
+1 6
-22 1
cfi=(194)
cfn=(644)
calls=1 28 
* 27
* 2

fn=(736) _IO_file_close
1165 1
+3 2
cfi=(215)
cfn=(738)
calls=1 25 
* 6

fn=(632) _IO_new_file_init_internal
106 6
+5 1
-1 1
+3 1
cfi=(191)
cfn=(634)
calls=1 -26 
* 89
+1 1
+1 3

fn=(732)
128 7
+2 3
+4 2
+3 1
-3 1
-1 2
+6 1
+3 1
-3 1
cfi=(191)
cfn=(734)
calls=1 937 
* 14
+3 3
fi=(201)
1025 3
+1 2
fe=(192)
142 2
cfn=(736)
calls=1 1165 
* 9
* 1
+3 3
+8 5
cfi=(191)
cfn=(668)
calls=1 329 
* 121
+1 1
+3 1
-3 3
+3 1
cfi=(191)
cfn=(728)
calls=1 53 
* 4
+5 1
-4 1
+1 1
+3 1
-2 1
+3 7

fn=(658)
462 5
+4 15
-4 45
+7 10
+6 15
+3 10
+12 8
fi=(201)
1025 5
fe=(192)
506 10
cfi=(191)
cfn=(672)
calls=5 164 
* 130
+6 5
+5 5
-5 5
fi=(201)
1025 10
fe=(192)
512 5
fi=(201)
1025 5
fe=(192)
512 15
fi=(201)
1026 10
fe=(192)
517 20
cfn=(674) _IO_file_read
calls=5 1131 
* 55
+2 10
+16 5
-9 5
+9 10
+2 10
+1 40
-57 3
+5 2
cfi=(191)
cfn=(660)
calls=1 343 
* 298
+4 4

fn=(664)
1147 1
+1 2
cfi=(200)
cfn=(666)
calls=1 30 
* 6

fn=(640) _IO_file_fopen@@GLIBC_2.2.5
213 12
+9 2
+2 6
+23 14
357 12
-89 1
+1 1
+3 1
-25 20
+34 4
cfn=(642)
calls=1 -99 
* 87
* 1
+3 2
+3 3
cfi=(195)
cfn=(646)
calls=1 77 
* 59
* 1
+1 2
-41 8
-33 1
+13 1
+1 2
+44 1
-1 1
+1 2

fn=(674)
1131 5
+3 5
-1 5
+1 5
-1 5
cfi=(202)
cfn=(676)
calls=5 25 
* 30

fn=(742)
168 5
+1 1
-1 1
+1 1
+6 2
+1 3
-1 1
cfi=(191)
cfn=(744)
calls=1 601 
* 20

fl=(205) ./stdio-common/./stdio-common/isoc23_sscanf.c
fn=(698) __isoc23_sscanf
24 645
fi=(206) ./stdio-common/../libio/strfile.h
+64 172
fe=(205)
-64 129
fi=(206)
+64 43
-1 43
+1 86
cfi=(191)
cfn=(628)
calls=43 563 
* 2021
+1 43
+1 172
-1 43
+1 43
cfi=(207)
cfn=(702)
calls=43 -54 
* 4339
fe=(205)
-60 43
+1 86
-1 43
+1 43
-1 43
+1 43
-1 129
+1 43
cfi=(209)
cfn=(708)
calls=43 278 
* 75747
+5 387

fl=(180) ./nptl/./nptl/pthread_getattr_np.c
fn=(594) pthread_getattr_np@@GLIBC_2.32
33 10
+4 1
-4 4
+4 1
cfi=(181)
cfn=(596)
calls=1 -5 
* 24
* 1
+1 2
207 12
43 7
fi=(182)
-14 2
fe=(180)
+23 1
-3 4
+6 2
+4 2
+3 3
+50 7
+66 1
+2 4
cob=(3)
cfi=(153)
cfn=(682)
calls=1 0 
* 218
* 1
+1 2
+7 4
cfi=(216) ./nptl/./nptl/pthread_getaffinity.c
cfn=(746) pthread_getaffinity_np@@GLIBC_2.32
calls=1 30 
* 35
+3 2
+2 7
+1 6
cfi=(218)
cfn=(752)
calls=1 29 
* 531
+4 1
-4 1
+4 1
cob=(3)
cfi=(153)
cfn=(720)
calls=1 0 
* 87
+3 6
+2 2
85 4
cfi=(183) ./libio/./libio/iofopen.c
cfn=(600) fopen@@GLIBC_2.2.5
calls=1 * 
* 2267
+1 2
-1 1
+1 1
+5 4
cfi=(150)
cfn=(470)
calls=1 -53 
* 10
* 3
+74 4
cfi=(214)
cfn=(726)
calls=1 34 
* 479
* 2
+4 1
+2 2
-63 1
+9 3
-14 1
+17 1
-17 1
-1 2
+6 3
+6 1
+1 1
+5 9
+7 258
cfi=(205)
cfn=(698)
calls=43 24 
* 84386
* 86
+2 86
+1 43
-1 86
+1 86
+28 42
-38 84
+2 172
cfi=(197)
cfn=(652)
calls=43 -95 
* 8171
* 86
+40 4
cob=(3)
cfi=(153)
cfn=(720)
calls=1 0 
* 87
* 3
-59 9
+2 1
+30 1
-2 1
+12 1
-10 3
+6 1
+3 2
-4 2

fl=(117) ./string/../sysdeps/x86_64/multiarch/strcat.c
fn=(362) strcat
29 1
fi=(118)
+9 2
+1 1
-1 2
+1 2
+3 2
+4 3
+3 3
fe=(117)
-20 1

fl=(139) ./string/../sysdeps/x86_64/multiarch/strncase.c
fn=(432) strncasecmp
31 1
fi=(114)
+6 2
-1 4
fe=(139)
-5 2
fi=(114)
+7 3
+3 2
+4 3
+3 4
fe=(139)

fl=(110) ./wcsmbs/../sysdeps/x86_64/multiarch/wmemchr.c
fn=(348) wmemchr
31 2
fi=(111) ./wcsmbs/../sysdeps/x86_64/multiarch/ifunc-evex.h
+7 6
-1 8
+2 6
+6 4
-3 4
+9 6
+3 8
fe=(110)
-23 2

fl=(183)
fn=(600)
85 7
-20 1
+20 2
-20 1
cob=(3)
cfi=(153)
cfn=(602)
calls=1 -65 
* 1822
+2 3
+3 1
+2 2
-2 1
+2 5
cfi=(191)
cfn=(628)
calls=1 563 
* 56
+1 1
+1 1
-1 1
+1 1
cfi=(192)
cfn=(632)
calls=1 +32 
* 102
+1 5
cfi=(192)
cfn=(640)
calls=1 213 
* 244
* 2
-38 2
+50 7

fl=(216)
fn=(746)
30 2
+3 6
+2 2
-5 2
+9 4
fi=(182)
+20 1
fe=(216)
-29 1
fi=(182)
+29 1
cob=(3)
cfi=(153)
cfn=(748)
calls=1 -59 
* 13
fe=(216)
-18 1
+1 2

fl=(225) ./misc/../sysdeps/unix/syscall-template.S
fn=(774) mprotect
117 5
+5 1

fl=(187)
fn=(618)
25 2
+1 4
-1 4
+4 2
cfi=(188)
cfn=(620)
calls=2 +8 
* 77
+1 4
+4 4

fl=(86) ./string/../sysdeps/x86_64/multiarch/strcmp.c
fn=(290) strcmp
79 1
-31 2
+1 1
-2 4
+2 2
+3 2
+4 3
+3 3
+20 1

fl=(189)
fn=(622)
36 2
fi=(237) ./misc/../sysdeps/unix/sysv/linux/brk_call.h
-12 4
fe=(189)
+13 4
+1 4
+6 2
+1 2

fl=(128) ./string/../sysdeps/x86_64/multiarch/strncpy.c
fn=(398) strncpy
29 1
fi=(109)
+6 5
+1 3
+3 2
+4 3
+3 4
fe=(128)
-17 1

fl=(115) ./string/../sysdeps/x86_64/multiarch/strcspn.c
fn=(358) strcspn
29 1
fi=(234)
+7 5
fe=(115)
-7 1

fl=(134) ./string/../sysdeps/x86_64/multiarch/memchr.c
fn=(418) memchr
29 1
fi=(135) ./string/../sysdeps/x86_64/multiarch/ifunc-evex.h
+9 3
-1 4
+2 3
+6 2
-3 2
+9 3
+3 4
fe=(134)
-25 1

fl=(203) ./string/../sysdeps/x86_64/multiarch/memchr-avx2.S
fn=(680) __memchr_avx2
61 47
+7 47
+2 47
+3 47
+1 47
+2 47
+1 47
+1 47
+1 47
+3 47
+1 47
+3 47
+1 47
+2 45
+1 45
+1 2
+1 2
+2 4
+7 2
+5 2
+7 2
+1 2
+7 7
+1 7
+1 7
+1 14
+4 2
+1 2
+4 3
+1 3
+1 3
+1 6
+4 8
+1 8
+1 8
+1 16
+5 19
+1 19
+1 19
+1 38
+10 43
+1 43
+1 43
+2 43
+10 43
+1 43
+3 43
+1 43
+2 37
+1 37
+2 30
+1 30
+1 30
+1 30
+2 27
+1 27
+1 27
+1 27
+2 19
+1 19
+1 19
+1 19
+59 6
+1 6
+3 4
+1 4
+4 2
+1 2
+3 1
+1 1
+1 1
+1 1
+1 1
+4 2
+32 2
+2 2
+2 2
+1 2
+1 2
+1 2
+1 4
+3 1
+1 2
+44 2
+1 2
+1 2
+1 2
+2 2
+1 2
+3 2
+1 2
+3 2
+1 2
+4 1
+1 1
+2 1
+1 1
+2 1
+1 1
+1 1
+1 1
+1 1
+1 1
+2 2
+4 1
+1 1
+1 1
+1 2

fl=(178)
fn=(590)
27 2
+1 8
+2 2

fl=(196) ./string/../sysdeps/x86_64/multiarch/strchr-avx2.S
fn=(650) __strchr_avx2
53 1
+2 1
+1 1
+1 1
+1 1
+1 1
+3 1
+1 1
+4 1
+1 1
+1 1
+1 1
+1 1
+1 1
+1 1
+1 1
+3 1
+8 1
+8 1
+1 2

fl=(94) ./debug/../sysdeps/x86_64/multiarch/memcpy_chk.c
fn=(308) __memcpy_chk
29 1
fi=(93)
+28 3
-1 2
+4 3
+14 2
+3 2
+8 2
+8 2
+3 5
fe=(94)

ob=(1) /usr/lib/x86_64-linux-gnu/ld-linux-x86-64.so.2
fl=(49) ./string/../string/strcspn.c
fn=(156) strcspn
32 6
+1 3
+1 2
+5 6
+1 4
+1 4
+1 4
+2 1
+3 3
+1 2
-1 6
+1 4
+3 4
+1 4
+1 4
+1 4
+2 3
+6 1
-1 1
+1 1
+2 2
-1 2
+2 1
+2 6
-5 12
-1 12
+1 12
+2 24
-1 24
+2 12
+2 72
+2 1
+1 4
+1 3

fl=(141) ./elf/./elf/dl-find_object.c
fn=(446) _dlfo_process_initial
474 2
+3 2
-3 6
+1 2
+3 4
+26 14
+1 6
+1 10
-1 20
+3 36
+3 32
-7 10
+27 2
-2 2
+2 6
-18 24
+3 8
-1 8
cfi=(142) ./elf/./dl-find_object.h
cfn=(444) _dl_find_object_from_map
calls=4 95 
* 252
+2 16

fn=(448) _dlfo_sort_mappings
536 1
+1 2
+3 4
+4 1
+1 1
-1 1
+1 2
-1 2
+1 2
-1 2
+1 10
+1 30
+3 3
-1 3
-3 18
+8 9
+1 6
-1 3
-13 6
+14 9
+1 6
-15 6
+17 1

fn=(442) _dl_find_object_init
561 2
+3 1
-3 3
+5 2
+13 1
cfn=(446)
calls=1 474 
* 97
+1 1
-1 1
+1 1
fi=(28) ./elf/../include/rtld-malloc.h
56 1
cfi=(27) ./elf/./elf/dl-minimal-malloc.c
cfn=(78) __minimal_malloc
calls=1 -20 
* 30
fe=(141)
580 1
fi=(28)
56 1
fe=(141)
582 2
+3 2
+5 1
+1 1
cfn=(446)
calls=1 474 
* 365
+3 3
+10 4
-37 2
cfi=(142)
cfn=(444)
calls=1 95 
* 73
* 1
+29 2
cfn=(448)
calls=1 -60 
* 128
+3 6
+2 1

fl=(1) ???
fn=(0) 0x000000000001f540
0 2
cfi=(2) ./elf/./elf/rtld.c
cfn=(2) _dl_start
calls=1 517 
0 255371
0 8
cfi=(76) ./elf/../sysdeps/x86_64/dl-cet.c
cfn=(492) _dl_cet_setup_features
calls=1 331 
0 4
0 10
cfi=(155) ./elf/./elf/dl-init.c
cfn=(496) _dl_init
calls=1 81 
0 870
0 3
cob=(6)
cfi=(162)
cfn=(534) (below main)
calls=1 0 
0 2134844943

fl=(20) ./elf/../sysdeps/x86/dl-cacheinfo.h
fn=(52) intel_check_word.constprop.0
123 48
-4 72
+10 24
-10 96
+10 48
-10 24
+10 24
-10 24
+10 24
+2 48
+71 48
fi=(21) ./elf/../bits/stdlib-bsearch.h
32 24
fe=(20)
202 120
-71 96
+2 60
+2 120
+8 120
+51 96
+22 48
fi=(21)
28 48
-1 96
+2 216
+2 168
+1 84
fe=(20)
+78 168
+3 324
fi=(21)
-78 264
-6 528
+2 480
+1 240
fe=(20)
+78 480
+15 12
246 144
fi=(21)
37 120
fe=(20)
155 36
+3 36
-6 12
+3 39
+9 18
+23 21
-32 63
+3 63
+4 58
+2 116
+3 84
+1 48
+1 48
+1 30
+2 11
+2 22
+6 14
+3 8
+1 12
-20 15
+12 4
+2 4
+1 4
-2 4
-1 4
+2 8
-2 4
+3 4
-2 12
+2 12
+11 2
-9 12

fn=(50) handle_intel.constprop.0
255 24
-5 12
+17 12
-17 96
+11 12
+1 12
+5 36
+4 24
+34 96
-29 12
+3 24
-3 12
+3 36
cfn=(52)
calls=12 123 
* 4092
+2 24
+3 60
cfn=(52)
calls=12 123 
* 1272
+2 24

fn=(56) get_common_cache_info.constprop.0
571 11
+17 1
+1 1
+9 1
-12 1
+2 1
+2 1
+8 1
-11 1
+3 1
+11 2
-5 3
+17 1
+5 3
+4 2
770 5
+1 5
+4 2
+8 1
-1 1
+1 1
+1 1
+1 7
627 5
+3 6
-32 5
+75 4
+8 5
+2 2
-2 1
+6 3
+3 1
+1 5
-4 4
+21 2
-21 4
+2 1
+2 4
-4 1
+6 4
+3 2
+5 1
+2 2
+1 1
+1 1
-2 2
+1 1
-19 4
+46 2
+1 1
+1 2
+1 1
+25 3
630 3
+10 6
+14 2
+4 1
+3 1
+1 1
-4 2
+3 3
+6 4
-37 12
+7 6
-7 3
+7 2
+3 20
+5 2
+4 1
+1 1
-1 2
+1 1
+61 2
+7 1
+2 2
-16 1
+22 1
-6 2
+1 1
+5 1
-30 5

fl=(77) ./elf/./elf/dl-reloc.c
fn=(262) _dl_relocate_object
207 66
+1 12
+12 5
+4 20
-4 5
+6 15
+3 5
-1 5
+1 10
+22 25
+4 6
+7 9
fi=(6) ./elf/../sysdeps/x86_64/dl-machine.h
81 14
+6 4
+4 3
+17 1
-11 1
+11 2
+21 2
+5 4
-2 2
fi=(4) ./elf/../sysdeps/generic/ldsodefs.h
-53 1
fe=(77)
301 2
fi=(4)
79 2
fe=(77)
301 2
fi=(4)
79 4
fe=(77)
301 8
fi=(4)
79 8
fe=(77)
301 9836
fi=(4)
79 1
fe=(77)
301 1
fi=(4)
79 2
fe=(77)
301 202
-80 10
fi=(6)
393 10
fe=(77)
190 5
+31 5
-31 5
fi=(6)
393 15
fi=(5) ./elf/./elf/do-rel.h
49 5
fe=(77)
301 5
fi=(5)
50 5
+30 5
-31 10
+4 5
-3 5
+3 5
-3 5
+3 15
+27 10
-31 5
fe=(77)
301 5
fi=(5)
50 5
+30 5
-31 10
+4 5
-3 5
+3 5
-3 5
+3 15
+27 10
-7 1
-1 1
+11 8
fi=(6)
514 114
+4 114
+3 171
+1 57
fi=(5)
83 171
+2 228
+11 6
fe=(77)
301 30
fi=(5)
51 5
fi=(4)
+28 25
fi=(6)
730 10
+4 6
fe=(77)
304 25
+24 5
+3 10
+17 15
+2 48
-98 10
+3 4
+7 2
-9 2
+9 4
fi=(6)
81 4
fi=(5)
+33 27
+9 17
+1 3
fi=(6)
498 3
fi=(5)
124 3
fi=(6)
498 6
fi=(5)
124 843
fi=(6)
498 843
fi=(5)
124 843
fi=(6)
498 1686
+5 1692
+1 846
fi=(5)
123 846
fi=(6)
504 846
-5 846
fi=(5)
123 1692
+3 27
+3 28
+2 25
fe=(77)
+59 8
fi=(5)
73 4
fe=(77)
190 4
fi=(5)
72 4
fe=(77)
190 36
fi=(5)
-57 8
+1 4
+1 4
-2 4
+2 4
+3 4
-5 4
+2 4
-2 4
+1 8
+2 4
-2 4
+2 12
+2 8
-5 438
+1 219
+1 219
-2 219
+2 219
+3 219
-5 219
+2 219
-2 219
+1 438
+2 219
-2 219
+2 657
+2 438
+9 176
fi=(6)
267 352
+7 352
+4 352
fe=(77)
170 704
fi=(4)
-30 480
fe=(77)
+31 320
+3 320
+8 306
-8 1371
+12 304
-3 152
+1 152
+2 610
-3 1
+1 1
+2 157
+1 153
-1 153
+2 306
-1 612
+3 918
cfi=(78) ./elf/./elf/dl-lookup.c
cfn=(270) _dl_lookup_symbol_x
calls=153 772 
* 91657
+3 153
+1 306
-4 153
+4 765
fi=(6)
+93 634
+3 154
-3 478
+3 170
-3 170
+5 350
+25 1056
423 27
fi=(5)
150 27
fi=(6)
423 300
fi=(5)
150 484
-19 904
+33 16
+1 64
+1 189
+3 94
+4 47
-1 47
-3 47
+2 94
+2 47
-2 94
fe=(77)
-1 188
fi=(6)
287 47
+3 47
-3 47
+4 94
476 94
+2 47
cfi=(15) ./elf/../sysdeps/x86/dl-get-cpu-features.c
cfn=(462) __x86_cpu_features
calls=1 71 
* 6
cob=(2)
cfi=(139)
cfn=(432)
calls=1 31 
* 21
cob=(2)
cfi=(138)
cfn=(428)
calls=1 33 
* 22
cob=(2)
cfi=(137)
cfn=(424)
calls=1 31 
* 18
cob=(2)
cfi=(136)
cfn=(422)
calls=1 29 
* 7
cob=(2)
cfi=(134)
cfn=(418)
calls=1 29 
* 23
cob=(2)
cfi=(133)
cfn=(414)
calls=1 29 
* 22
cob=(2)
cfi=(132)
cfn=(410)
calls=1 33 
* 17
cob=(2)
cfi=(131)
cfn=(406)
calls=1 29 
* 22
cob=(2)
cfi=(129)
cfn=(402)
calls=1 29 
* 24
cob=(2)
cfi=(128)
cfn=(398)
calls=1 29 
* 19
cob=(2)
cfi=(127)
cfn=(394)
calls=1 29 
* 25
cob=(2)
cfi=(100)
cfn=(390)
calls=1 31 
* 18
cob=(2)
cfi=(126)
cfn=(386)
calls=1 31 
* 21
cob=(2)
cfi=(125)
cfn=(382)
calls=1 29 
* 17
cob=(2)
cfi=(123)
cfn=(378)
calls=2 31 
* 20
cob=(2)
cfi=(121)
cfn=(374)
calls=1 29 
* 24
cob=(2)
cfi=(120)
cfn=(370)
calls=1 31 
* 25
cob=(2)
cfi=(119)
cfn=(366)
calls=1 31 
* 21
cob=(2)
cfi=(117)
cfn=(362)
calls=1 29 
* 17
cob=(2)
cfi=(116)
cfn=(360)
calls=1 60 
* 16
cob=(2)
cfi=(115)
cfn=(358)
calls=1 29 
* 7
cob=(2)
cfi=(113)
cfn=(354)
calls=1 31 
* 21
cob=(2)
cfi=(112)
cfn=(352)
calls=1 67 
* 21
cob=(2)
cfi=(110)
cfn=(348)
calls=2 31 
* 46
cob=(2)
cfi=(108)
cfn=(344)
calls=1 31 
* 19
cob=(2)
cfi=(107)
cfn=(340)
calls=1 30 
* 25
cob=(2)
cfi=(106)
cfn=(336)
calls=1 28 
* 25
cob=(2)
cfi=(104)
cfn=(332)
calls=1 29 
* 24
cob=(2)
cfi=(103)
cfn=(330)
calls=1 65 
* 19
cob=(2)
cfi=(100)
cfn=(324)
calls=2 31 
* 50
cob=(2)
cfi=(98)
cfn=(320)
calls=1 29 
* 22
cob=(2)
cfi=(96)
cfn=(316)
calls=1 31 
* 18
cob=(2)
cfi=(95)
cfn=(312)
calls=1 29 
* 25
cob=(2)
cfi=(94)
cfn=(308)
calls=1 29 
* 22
cob=(2)
cfi=(92)
cfn=(304)
calls=1 29 
* 22
cob=(2)
cfi=(91)
cfn=(300)
calls=1 29 
* 19
cob=(2)
cfi=(89)
cfn=(296)
calls=1 29 
* 24
cob=(2)
cfi=(87)
cfn=(292)
calls=1 30 
* 19
cob=(2)
cfi=(86)
cfn=(290)
calls=1 79 
* 19
cob=(2)
cfi=(85)
cfn=(288)
calls=1 29 
* 7
cob=(2)
cfi=(83)
cfn=(284)
calls=2 31 
* 50
cob=(2)
cfi=(81)
cfn=(280)
calls=1 86 
* 28
fi=(5)
165 47
fi=(6)
479 47
fi=(5)
165 100
-14 54
fi=(6)
400 48
+2 64
+4 16
+9 16
-9 32
+9 16
fi=(5)
150 32
fi=(6)
320 18
+3 18
+23 2
+1 3
fi=(5)
150 2
fi=(6)
287 80
fi=(5)
141 47
+1 47
-1 141
+2 47
fi=(6)
287 235
fe=(77)
175 63
+3 7
-1 7
+19 7
-18 14
fi=(6)
295 10
+1 15
+11 10
+7 5
cob=(2)
cfi=(133)
cfn=(414)
calls=1 29 
* 22
cob=(2)
cfi=(121)
cfn=(374)
calls=1 29 
* 24
cob=(2)
cfi=(98)
cfn=(320)
calls=1 29 
* 22
cob=(2)
cfi=(89)
cfn=(296)
calls=1 29 
* 24
cob=(2)
cfi=(127)
cfn=(394)
calls=1 29 
* 25
* 20
fe=(77)
-13 3
+55 25
+3 5
-3 5
+3 5
+4 10
+1 20
cfi=(140) ./misc/../sysdeps/unix/syscall-template.S
cfn=(436) mprotect
calls=5 117 
* 30
* 10
-63 6
fi=(5)
180 7
fe=(77)
+10 2
fi=(5)
73 1
fe=(77)
190 3
fi=(6)
436 7
fi=(5)
182 2
+1 2
-1 1
+3 1
-3 4
+3 2
-3 10
+1 10
-1 5
+3 5
-3 20
+3 10
+8 6
fi=(6)
+74 12
+7 12
+4 12
fe=(77)
170 24
fi=(4)
-30 18
fe=(77)
+31 12
+3 12
+8 12
-8 54
+12 12
-3 6
+1 6
+2 36
+4 24
-4 6
+4 18
cfi=(78)
cfn=(270)
calls=6 772 
* 3227
+3 6
+1 12
-4 6
+4 30
fi=(6)
+93 20
+3 2
-3 6
+3 2
-3 2
+5 4
+25 36
423 6
fi=(5)
196 18
-16 24
+31 7
fe=(77)
-33 7
-3 21

fl=(45) ./elf/./elf/dl-debug.c
fn=(144) _dl_debug_initialize
56 3
+3 2
+4 1
+22 1
+10 1
-32 2
+1 1
+21 2
+5 2
+1 1
+4 1
-4 1
-1 1
+2 1
+3 1
+4 2
+8 2
-50 1
+4 2
+35 6

fn=(196) _dl_debug_update
38 4
+3 4
-1 8
+4 8
+4 4

fn=(150) _dl_debug_state
116 2
+1 2

fl=(16) ./elf/../sysdeps/x86/cpu-features.c
fn=(36) init_cpu_features.constprop.0
682 1
+17 1
-17 7
+3 1
+1 1
+1 1
+3 1
+9 2
+3 6
1001 3
+1 2
+3 2
+1 2
+6 1
+1 1
+1 1
+1 1
fi=(20)
792 1
+1 1
+2 1
+14 2
+85 1
+1 1
+15 1
-5 1
+5 1
-10 1
-6 1
+2 1
+14 1
-15 1
+2 1
-1 1
+2 1
-1 1
+2 1
-1 1
+1 1
+2 1
+1 1
+1 1
+1 1
+35 2
-15 3
+8 2
+27 6
+9 2
+19 2
+8 6
cfi=(11) ./elf/./elf/dl-tunables.c
cfn=(28) __tunable_get_val
calls=1 387 
* 23
* 1
+2 2
+3 4
cfi=(11)
cfn=(28)
calls=1 387 
* 23
* 1
+2 2
+3 4
cfi=(11)
cfn=(28)
calls=1 387 
* 23
* 1
+1 5
+16 2
-12 5
cfi=(11)
cfn=(28)
calls=1 387 
* 23
* 1
+1 3
+6 3
+3 1
-3 2
cfi=(11)
cfn=(28)
calls=1 387 
* 23
* 1
+3 5
-3 1
+3 5
cfi=(11)
cfn=(58) __GI___tunable_set_val
calls=1 153 
* 62
+1 10
cfi=(11)
cfn=(58)
calls=1 153 
* 62
+1 11
cfi=(11)
cfn=(58)
calls=1 153 
* 62
+3 10
cfi=(11)
cfn=(58)
calls=1 153 
* 62
+2 10
cfi=(11)
cfn=(58)
calls=1 153 
* 62
+13 1
+2 1
fe=(16)
-23 1
fi=(20)
+21 1
+3 1
fe=(16)
-24 1
fi=(20)
+26 1
-5 1
+2 1
-2 1
+3 1
fe=(16)
-24 1
fi=(20)
+25 1
+3 1
-1 1
fe=(16)
-27 1
cfi=(11)
cfn=(28)
calls=1 387 
* 22
+3 4
cfi=(11)
cfn=(28)
calls=1 387 
* 24
+6 3
+54 1
-1 1
+1 1
+45 4
cfi=(11)
cfn=(28)
calls=1 387 
* 22
+2 4
cfi=(11)
cfn=(28)
calls=1 387 
* 22
+6 4
cfi=(11)
cfn=(28)
calls=1 387 
* 24
+7 8
fi=(20)
974 12
fe=(16)
+68 1
-1 2
+1 3
+44 3
+27 2
-10 2
+1 2
+2 3
+1 2
+2 3
+1 2
fi=(20)
811 2
cfn=(50)
calls=1 255 
* 455
+1 1
-1 1
+1 1
cfn=(50)
calls=1 255 
* 503
+1 1
-1 1
+1 1
cfn=(50)
calls=1 255 
* 530
+4 1
-4 1
+1 2
+3 1
cfn=(50)
calls=1 255 
* 476
+2 1
-2 1
+2 1
cfn=(50)
calls=1 255 
* 468
+3 1
-3 1
+1 2
+2 1
cfn=(50)
calls=1 255 
* 446
+2 1
-2 1
+2 1
cfn=(50)
calls=1 255 
* 447
+3 1
-2 1
-1 1
+3 1
cfn=(50)
calls=1 255 
* 494
+2 1
-2 1
+2 1
cfn=(50)
calls=1 255 
* 495
+1 1
+2 1
-3 1
+1 1
+2 1
cfn=(50)
calls=1 255 
* 521
+2 1
-2 1
+2 1
cfn=(50)
calls=1 255 
* 522
+2 1
-2 1
+2 1
cfn=(50)
calls=1 255 
* 523
+2 4
-2 1
+2 1
cfn=(56)
calls=1 571 
* 223
+93 1
-6 3
+6 1
-6 2
+6 2
-6 2
+6 2
-1 2
fe=(16)
708 6
cfn=(38) get_common_indices.constprop.0
calls=1 398 
* 74
376 3
+1 2
+1 6
+5 2
713 1
cfn=(42) update_active.constprop.0
calls=1 72 
* 222
+2 1
+2 1
1015 1
715 2
878 2
+7 2
+2 2
+4 2
+6 2
+2 1
706 2
-3 1
384 6
+5 2
+1 7
717 1
fi=(20)
987 1
-48 1
fe=(16)
717 1
fi=(20)
987 2
fe=(16)
717 6
+4 7
+78 1
-25 3
+92 2
+3 2
fi=(20)
+38 1
fe=(16)
-37 1
-89 2
+51 2

fn=(38)
398 3
+4 4
+3 3
+5 2
-5 1
+5 1
-5 1
+4 1
+1 1
+1 4
+1 4
+1 3
+1 2
+7 2
+2 5
+5 1
-5 1
+5 1
-5 1
+5 1
-5 2
+5 1
+7 1
-7 4
+7 1
+1 3
+6 1
-6 4
+6 1
fi=(17) ./elf/../sysdeps/unix/sysv/linux/x86/dl-minsigstacksize.h
24 2
+3 2
+1 2
+37 3
+7 1
+2 1
fe=(16)
457 3

fn=(42)
72 8
+4 1
+10 1
+9 1
+9 1
-19 1
-1 1
+29 1
-4 1
-24 1
+9 1
+9 1
+9 1
-28 2
+25 1
-15 1
-9 1
+9 1
+9 1
+9 1
-3 1
+7 1
-13 1
+9 1
+4 2
-22 1
+22 2
-13 1
+6 1
+3 1
+5 1
+12 1
-8 1
-4 1
+7 1
-3 4
+1 1
+2 1
-2 2
+1 3
+5 1
+2 1
-2 4
+1 1
+1 1
-1 2
+1 1
-1 1
+3 2
+1 4
+14 2
356 2
+4 3
fi=(18) ./elf/../sysdeps/unix/sysv/linux/x86/dl-hwcap2.h
25 2
fi=(19) ./elf/../sysdeps/x86/get-isa-level.h
+5 1
-2 1
+2 3
fe=(16)
369 1
+1 8
151 2
+1 2
-1 5
+1 2
+2 3
+90 1
+1 1
-1 2
+17 4
+16 2
+5 1
-1 2
+4 4
+4 2
+4 3
+1 2
+3 1
-1 1
+9 1
-5 1
+2 1
-2 1
+5 1
+51 1
fi=(19)
31 1
fe=(16)
356 2
fi=(19)
32 3
+4 3
fe=(16)
158 4
+3 1
+3 2
+14 1
+2 1
+10 3
-12 1
+12 1
-12 1
+2 2
-2 1
+2 1
+8 1
-8 1
+6 3
+2 1
-2 1
+2 3
+7 5
fi=(19)
39 2
+1 4
-2 1
+7 4
+2 1
+1 2
+3 5
+2 4
+1 2
+1 2
+3 1
-1 1
+1 3
fe=(16)
171 1
-5 2
+4 1

fl=(8) ./elf/./elf/dl-setup_hash.c
fn=(14) _dl_setup_hash
25 5
+3 5
-3 5
+3 10
+3 15
+1 10
+2 5
-1 5
+3 15
+1 5
+1 10
+7 5
-5 5
-2 5
+3 10
+2 5
+2 10
+5 5

fl=(14) ./elf/../sysdeps/unix/sysv/linux/brk.c
fn=(30) brk
36 1
fi=(238) ./elf/../sysdeps/unix/sysv/linux/brk_call.h
-12 2
fe=(14)
+13 1
+1 2
+6 1
+1 1

fl=(52) ./elf/./elf/dl-misc.c
fn=(168) _dl_name_match_p
68 322
+1 92
cfi=(32) ./string/../sysdeps/x86_64/multiarch/../multiarch/strcmp-sse2.S
cfn=(94) strcmp
calls=46 +29 
* 1804
* 92
+3 46
+2 92
+6 46
-6 92
+1 168
cfi=(32)
cfn=(94)
calls=56 +23 
* 2338
* 112
+8 10
-13 10
+13 66
-1 36
+1 108

fn=(216) _dl_sysdep_read_whole_file
36 2
+3 1
-3 7
+3 1
-3 2
+3 1
cfi=(53) ./io/../sysdeps/unix/sysv/linux/open64_nocancel.c
cfn=(172) __open_nocancel
calls=1 -11 
* 20
+1 2
+23 8
-21 4
cfi=(55) ./io/../sysdeps/unix/sysv/linux/fstat64.c
cfn=(178) fstat
calls=1 -12 
* 6
* 2
+2 2
+3 2
+13 2
cfi=(62) ./io/../sysdeps/unix/sysv/linux/close_nocancel.c
cfn=(194) __GI___close_nocancel
calls=1 -35 
* 6
* 1
-11 6
cfi=(57) ./misc/../sysdeps/unix/sysv/linux/mmap64.c
cfn=(182) mmap
calls=1 -2 
* 26
* 2

fl=(42) ./string/../sysdeps/x86_64/multiarch/../multiarch/memcmp-sse2.S
fn=(122) bcmp
59 1
+12 1
+1 1
+22 1
+1 1
+45 1
+1 1
+2 1
+1 1
+2 1
+1 1
+2 1
+1 1
+47 1
+1 1
+1 1
+1 1
+1 1
+1 1

fl=(142)
fn=(444)
95 10
+1 10
+1 5
+6 25
+1 151
+1 104
+2 15
+5 5

fl=(13) ./elf/./elf/dl-sort-maps.c
fn=(234) dfs_traversal.part.0
135 45
+10 5
-2 5
+2 10
+2 12
-7 12
+7 24
+9 10
+15 15
+1 5
+1 30

fn=(26) _dl_sort_maps_init
289 2
+1 2
-1 2
+1 2
cfi=(11)
cfn=(28)
calls=1 +97 
* 24
+2 3
-1 1
+2 2

fn=(232) _dl_sort_maps
298 12
+8 1
-8 1
+8 2
+4 8
-99 1
-28 1
-2 1
+1 2
+29 1
-28 4
+1 1
-1 1
+1 1
-1 2
+1 4
-1 4
+1 4
-1 8
+28 15
+8 3
-3 1
+2 1
+1 2
-3 1
+5 16
+2 5
-83 25
cfn=(234)
calls=5 -5 
* 173
+86 15
+18 4
+32 4
+7 1
+27 1
-47 3
cfi=(29) ./string/../sysdeps/x86_64/multiarch/memmove-vec-unaligned-erms.S
cfn=(82) memcpy
calls=1 -53 
* 19
* 1

fl=(25) ./elf/./elf/dl-environ.c
fn=(70) _dl_next_ld_env_entry
28 3
+1 3
+3 110
+13 100
-13 200
+2 204
+1 32
+5 2
-3 2
+3 2
+2 2

fl=(65) ./io/../sysdeps/unix/sysv/linux/stat64.c
fn=(210) stat
28 12
+1 24
cfi=(66) ./io/../sysdeps/unix/sysv/linux/fstatat64.c
cfn=(212) fstatat
calls=6 146 
* 56

fl=(146) ./elf/./elf/dl-lookup-direct.c
fn=(460) _dl_lookup_direct
74 30
+2 3
-2 6
+4 3
-4 3
+2 3
+2 9
+37 3
-37 9
+1 6
+2 12
+3 25
+2 6
-54 3
+54 3
-54 3
+54 3
-54 9
+1 9
+2 6
+1 6
+12 9
+3 3
+2 6
-2 3
+2 9
cfi=(32)
cfn=(94)
calls=3 +45 
* 209
* 6
+4 6
+1 3
-1 3
+1 18
+1 9
cfi=(32)
cfn=(94)
calls=3 +39 
* 198
* 6
+57 27
-23 6

fl=(22) ./string/../sysdeps/x86_64/multiarch/../multiarch/strlen-sse2.S
fn=(62) strlen
57 22
+44 22
+1 22
+1 22
+1 22
+1 22
+1 22
+1 22
+2 22
+2 22
+31 22
+1 22
+1 22
+1 22
+1 22
+1 10
+2 10
+4 12
+1 12
+1 12
+1 12
+1 12
+1 12
+1 12
+1 12
+1 12
+1 12
+1 12
+1 12
+5 90
+74 3
+1 3
+1 3
+1 3
+1 3
+1 3
+1 3
+1 3
+16 3
+2 3
+1 42
+2 3
+1 3
+1 3
+2 3

fl=(23) ./elf/../misc/sbrk.c
fn=(64) sbrk
37 4
+3 1
-3 2
+21 2
+4 2
+16 5

fl=(9) ./elf/../sysdeps/unix/sysv/linux/dl-sysdep.c
fn=(480) _dl_sysdep_start_cleanup
147 1
+1 1

fn=(16) _dl_sysdep_start
102 5
+4 1
-4 1
+1 1
+3 1
cfn=(18) _dl_sysdep_parse_arguments
calls=1 -28 
* 600
+4 2
cfi=(11)
cfn=(22) __GI___tunables_init
calls=1 261 
* 63024
+3 1
cfi=(13)
cfn=(26)
calls=1 289 
* 38
+2 2
cfi=(14)
cfn=(30)
calls=1 -79 
* 8
fi=(6)
220 1
cfi=(15)
cfn=(34) _dl_x86_init_cpu_features
calls=1 37 
* 7349
fe=(9)
-98 3
+1 1
cfi=(22)
cfn=(62)
calls=1 -66 
* 17
* 1
+2 2
cfi=(23)
cfn=(64)
calls=1 -88 
* 16
* 3
+12 3
+3 5
cfi=(2)
cfn=(66) dl_main
calls=1 1346 
* 183609
+3 4

fn=(18)
78 1
+2 1
-2 6
+1 1
+1 1
-1 1
+2 2
+2 1
-2 1
+2 2
-1 1
+1 2
-1 101
+1 202
+7 56
fi=(10) ./elf/../sysdeps/unix/sysv/linux/dl-parse_auxv.h
-49 1
fe=(9)
+45 1
fi=(10)
-54 1
fe=(9)
+54 1
fi=(10)
-54 1
+1 1
+1 1
+7 3
+1 44
+1 22
-2 22
+2 22
-2 67
fe=(9)
+52 3
+1 1
+1 2
fi=(10)
-49 1
+1 1
fe=(9)
+46 1
fi=(10)
-45 1
+3 1
+1 1
+1 1
+1 1
+2 1
-5 1
-4 1
+1 1
+4 1
+1 1
+3 1
-7 1
-4 1
+1 1
+8 1
fe=(9)
+40 1
-1 1
+2 1
+1 6

fl=(46) ./elf/../elf/dl-tls.c
fn=(146) _dl_count_modids
192 1
+2 2
+1 1
+15 2

fn=(252) _dl_allocate_tls_storage
417 7
+2 1
+11 1
+1 1
fi=(28)
56 1
cfi=(27)
cfn=(78)
calls=1 -20 
* 85
fe=(46)
432 2
+8 3
fi=(28)
44 1
fe=(46)
440 2
+5 1
-5 1
+1 1
+4 304
+19 1
-99 1
+4 1
+1 1
fi=(28)
44 1
cfi=(27)
cfn=(74) __minimal_calloc
calls=1 +36 
* 41
fe=(46)
371 2
+3 1
+6 2
+90 7

fn=(438) _dl_add_to_slotinfo
1017 24
+9 3
-9 3
+6 3
+4 3
+4 9
+34 6
+3 6
+1 9
+3 18

fn=(224) _dl_assign_tls_modid
125 2
+16 2
-13 2
-3 6
+3 2
+55 2
-2 2
+5 2
+1 4

fn=(248) _dl_tls_static_surplus_init
97 2
+3 1
-3 3
+3 1
-3 1
+3 1
-3 1
+3 1
-3 1
+3 1
cfi=(11)
cfn=(28)
calls=1 387 
* 23
* 1
+1 4
cfi=(11)
cfn=(28)
calls=1 387 
* 23
+1 1
+2 1
-3 1
+1 2
+2 3
+3 1
+2 1
-26 3
+28 3
+1 6

fn=(440) _dl_allocate_tls_init
523 11
+1 2
+4 1
+6 1
-6 1
+6 1
cfi=(24) ./elf/../sysdeps/nptl/dl-tls_init_tp.c
cfn=(86) rtld_mutex_dummy
calls=1 42 
* 3
+3 3
+12 1
-18 1
+42 3
-19 12
+9 9
+1 6
+6 9
+3 3
-2 3
+2 3
-2 3
+2 12
+4 3
-4 3
+4 3
-1 6
+4 6
+1 12
+2 6
+1 6
+17 3
-8 3
+8 3
+2 12
cfi=(29)
cfn=(126) mempcpy
calls=3 197 
* 39
* 18
cfi=(43) ./string/../sysdeps/x86_64/multiarch/../multiarch/memset-vec-unaligned-erms.S
cfn=(130) memset
calls=3 132 
* 57
-49 3
+55 3
-55 12
+6 9
+55 2
cfi=(24)
cfn=(86)
calls=1 42 
* 3
+3 2
+3 9

fn=(250) _dl_determine_tlsoffset
216 9
+6 4
+3 2
+36 3
+2 1
-2 1
-2 1
-40 1
-1 1
-1 1
+46 2
+23 9
+3 3
-3 15
+2 6
+6 3
-33 6
+20 3
-20 15
+2 6
+3 3
-1 3
+5 6
-5 3
+1 3
-1 3
+3 6
+2 9
+32 2
-1 1
+53 1
-52 5
+2 2
+51 8

fl=(70) ./io/../sysdeps/unix/sysv/linux/pread64_nocancel.c
fn=(226) __pread64_nocancel
25 4
+1 8
+1 2

fl=(30) ./elf/./elf/dl-load.c
fn=(106) _dl_init_paths
706 11
+14 1
-14 2
+14 2
cfi=(37) ./elf/./elf/dl-hwcaps.c
cfn=(108) _dl_important_hwcaps
calls=1 172 
* 1244
fi=(28)
56 1
fe=(30)
720 1
fi=(28)
56 1
cfi=(27)
cfn=(78)
calls=1 -20 
* 30
fe=(30)
725 1
+2 3
+8 2
-1 3
+5 3
fi=(28)
56 1
cfi=(27)
cfn=(78)
calls=1 -20 
* 30
fe=(30)
739 1
+2 4
+7 1
+8 1
+2 1
+12 2
-23 1
+9 1
+11 1
-4 1
-5 1
+3 2
+7 2
+2 2
-11 1
+11 3
-8 1
+4 1
+1 3
+1 16
cfi=(43)
cfn=(130)
calls=4 132 
* 56
+2 15
-14 3
+10 3
+4 9
-12 3
-2 3
+2 3
+4 3
-3 3
+3 3
+1 3
-2 3
+5 9
+1 6
+3 1
+15 1
-8 1
+5 1
-6 1
+9 2
+2 4
+2 3
+36 5
+2 2
cfi=(22)
cfn=(62)
calls=1 57 
* 61
* 9
-19 1
-2 1
+2 2
+19 9
cfi=(29)
cfn=(82)
calls=1 210 
* 27
* 1
+5 4
-1 2
+2 1
+1 2
-2 4
+1 81
+1 162
-2 324
+5 1
fi=(28)
56 1
cfi=(27)
cfn=(78)
calls=1 -20 
* 30
fe=(30)
836 1
fi=(28)
56 1
fe=(30)
838 2
+6 6
cfn=(132) fillin_rpath.isra.0
calls=1 468 
* 2165
+3 3
+6 1
+4 8
-35 2
+5 2

fn=(208) open_path
1812 16
+1 2
-1 6
+1 2
+6 4
+5 34
+67 4
-74 2
+7 6
+57 2
-65 2
+65 2
+10 4
-64 4
+8 12
-8 4
+8 12
+7 8
-11 4
+12 4
-1 16
cfi=(29)
cfn=(126)
calls=4 197 
* 84
+1 40
+50 4
-2 8
-48 44
+3 24
+5 56
cfi=(29)
cfn=(126)
calls=8 197 
* 104
* 32
cfi=(29)
cfn=(126)
calls=8 197 
* 104
+3 16
+6 24
+3 56
cfn=(170) open_verify.constprop.0
calls=8 1572 
* 448
* 8
+2 24
+2 12
+93 18
-88 12
+1 42
+6 6
+2 12
-2 12
+2 6
cfi=(65)
cfn=(210)
calls=6 28 
* 92
* 6
+3 6
-3 12
+1 4
+9 16
+2 2
-2 4
+2 8
+44 32
+6 8
-2 4
+2 8
+3 6
1822 4
+2 4

fn=(166) _dl_map_object
1967 84
+8 14
+1 28
+3 125
+5 140
+2 60
cfi=(52)
cfn=(168)
calls=20 68 
* 2434
* 40
+4 32
+1 48
+4 6
-1 30
+1 6
+1 6
-1 6
+1 12
cfi=(32)
cfn=(94)
calls=6 98 
* 195
* 12
2270 66
2011 9
-1 6
+9 3
-50 3
+50 6
+17 6
-2 3
+2 3
cfi=(41) ./string/../sysdeps/x86_64/multiarch/../multiarch/strchr-sse2.S
cfn=(118) index
calls=3 32 
* 72
* 6
2202 2
-1 3
cfn=(136) expand_dynamic_string_token
calls=1 385 
* 175
+6 1
-7 1
+1 1
+2 2
+4 7
cfn=(170)
calls=1 1572 
* 106
+3 2
-3 1
+3 1
+12 4
+45 1
+1 5
-1 1
+1 8
cfn=(176) _dl_map_object_from_fd
calls=1 944 
* 1940
-1 2
+1 10
-1 2
+1 16
cfn=(176)
calls=2 944 
* 4408
* 9
2040 4
cfi=(22)
cfn=(62)
calls=2 57 
* 34
* 4
+2 4
+7 8
+51 26
cfn=(208)
calls=2 1812 
* 1562
+6 2
-6 2
+6 4
2222 8
+46 4
682 2
2107 2
682 4
2135 4
cfi=(67) ./elf/./elf/dl-cache.c
cfn=(214) _dl_load_cache_lookup
calls=2 403 
* 2808
* 2
+2 4
+4 4
+31 2
-23 4
+23 14
cfn=(170)
calls=2 1572 
* 243
+4 4
-4 2
+4 2
+1 2
+17 4
2074 10
682 2
2075 2
682 6
2099 4
+1 4
-47 2
+1 2
696 10
2058 6
682 2
2059 2
682 4
2073 10
+1 4
+41 2
+14 4
+2 6
-47 4

fn=(88) _dl_process_pt_gnu_property
868 4
+8 4
-8 8
+8 4
-6 4
+12 8
-13 4
+13 4
-13 4
+13 8
+3 12
+1 8
+1 8
+3 12
+1 12
+4 4
+1 8
+22 3
+2 3
-2 6
+2 9
-20 10
+1 5
+3 10
+3 5
+1 20
fi=(31) ./elf/../sysdeps/x86/dl-prop.h
95 20
+7 10
+16 5
-3 10
254 6
+1 3
+2 12
+3 3
-8 4
+5 2
-4 2
+4 6
+3 2
-2 2
fe=(30)

fn=(204) _dl_dst_count
238 12
+3 6
-3 30
+7 6
-7 12
+3 6
cfi=(41)
cfn=(118)
calls=6 32 
* 216
+3 12
+20 54

fn=(132)
468 9
+4 1
-4 8
+6 3
cfi=(7) ./elf/./elf/dl-minimal.c
cfn=(134) strsep
calls=1 239 
* 1092
* 6
cfi=(7)
cfn=(134)
calls=2 239 
* 248
* 9
+7 4
+2 6
cfn=(136)
calls=2 -98 
* 376
* 2
+4 4
+5 4
cfi=(22)
cfn=(62)
calls=2 57 
* 78
* 2
+1 4
+7 10
+9 33
+1 18
fi=(28)
50 4
cfi=(27)
cfn=(142) __minimal_free
calls=2 +47 
* 10
+1 2
fe=(30)
528 8
+4 8
fi=(28)
56 2
cfi=(27)
cfn=(78)
calls=2 -20 
* 60
* 2
fe=(30)
534 4
+5 2
+1 4
-1 2
-1 2
+2 2
cfi=(29)
cfn=(126)
calls=2 197 
* 42
+3 2
-3 2
+1 2
+2 2
+1 1
+5 1
+1 1
-1 3
+1 2
-1 1
+1 1
-1 3
+1 8
+1 2
-1 2
+1 2
-1 6
+1 2
-1 4
+1 2
+2 4
+1 6
+1 2
+6 4
+1 2
+3 6
-60 4
-22 4
+88 1
+3 8
-24 4

fn=(176)
944 30
+15 3
-15 6
+15 3
-15 6
+15 6
+77 12
+10 6
+7 21
cfi=(26) ./elf/./elf/dl-object.c
cfn=(72) _dl_new_object
calls=3 59 
* 1208
* 3
+1 6
+11 3
+5 3
-4 3
-1 3
+2 3
+2 3
-2 3
+2 6
+1 9
+1 4
+19 4
-2 2
+2 22
-2 1
+2 37
+10 3
-10 3
+10 9
+27 3
-33 3
-3 3
+2 3
-1 3
+35 3
+9 3
-50 3
+41 3
+9 3
-36 3
+63 15
-62 124
+26 84
+8 24
+1 12
-1 12
+1 48
+1 12
-1 12
+1 12
+2 12
-2 12
+2 12
+2 12
-4 12
+1 12
+3 12
-4 12
+4 60
+2 24
+13 24
+1 45
+5 9
+1 81
-28 18
-35 27
+62 3
+1 27
-28 6
-35 75
+1 188
1213 3
1100 3
1213 6
1100 9
1218 21
+10 9
+1 3
-1 3
+1 3
-1 9
+1 9
-1 9
+1 9
-1 27
1066 6
1235 6
+10 12
+7 12
fi=(59) ./elf/./dl-map-segments.h
28 3
fe=(30)
1252 9
fi=(59)
28 6
+1 24
cfi=(57)
cfn=(182)
calls=3 +18 
* 84
+73 6
-1 3
-72 3
+73 3
+3 6
+1 3
+2 3
-3 3
+1 3
+2 3
+17 3
-44 3
fi=(60) ./elf/./dl-load.h
+10 24
fi=(59)
+58 48
+6 3
+2 3
-2 3
+1 3
+2 6
-1 6
+3 6
+5 6
+3 9
+8 18
cfi=(43)
cfn=(130)
calls=3 -44 
* 357
* 3
+6 6
+12 12
-59 72
+2 36
+2 72
cfi=(57)
cfn=(182)
calls=9 -92 
* 189
* 18
fe=(30)
1264 3
fi=(56) ./elf/../sysdeps/posix/dl-fileid.h
37 6
cfi=(55)
cfn=(178)
calls=3 -7 
* 18
* 6
fe=(30)
989 6
fi=(56)
40 9
fe=(30)
989 3
fi=(56)
40 3
fe=(30)
989 39
+1 18
fi=(56)
49 24
fe=(30)
1519 27
1074 13
+1 2
-1 1
+1 1
-1 1
+1 1
cfi=(70)
cfn=(226)
calls=1 25 
* 7
* 2
+46 2
+1 1
-15 6
+7 3
+2 3
-2 3
+1 3
+1 3
-1 6
+1 24
+60 6
+5 2
-1 4
+5 2
-5 4
-66 2
+71 8
+1 2
+3 2
-3 2
+8 8
+15 6
+1 3
1008 6
1268 12
+1 9
fi=(61) ./elf/./elf/get-dynamic-info.h
39 6
+6 3
-2 3
+11 3
+1 3
-10 6
+8 3
+15 3
-23 12
+23 71
-23 284
+4 148
+3 20
-1 40
+3 68
+1 56
+1 15
+16 12
+12 10
+1 12
+1 12
+1 12
+1 10
+1 11
+1 11
+1 12
+12 3
+7 3
-7 21
+7 7
+5 4
+7 4
+1 9
+6 9
+1 3
+17 9
+5 2
+2 2
+2 2
+2 2
+4 9
+2 6
+1 4
+9 4
+6 4
+4 6
fe=(30)
1275 6
+1 6
+2 6
+10 9
+19 9
+2 18
+52 9
+1 4
+6 27
+1 62
+6 12
cfn=(88)
calls=3 868 
* 218
-7 77
+1 37
+6 37
-6 74
fi=(31)
149 12
fe=(30)
1380 6
cfi=(62)
cfn=(194)
calls=3 25 
* 18
* 6
+13 6
+2 12
+2 6
+16 6
cfi=(8)
cfn=(14)
calls=3 25 
* 81
+4 6
+1 6
+17 6
+1 1
+3 1
+5 1
-5 1
+5 1
-5 2
+5 2
-5 2
+5 2
+5 6
+12 24
+10 6
+1 8
+5 4
cfi=(46)
cfn=(224)
calls=2 125 
* 24
+7 9
cfi=(26)
cfn=(84) _dl_add_to_namespace_list
calls=3 31 
* 165
+3 6
+4 6
cfi=(45)
cfn=(196)
calls=3 38 
* 21
* 3
+1 9
+22 21
+1 9
cfi=(48) ./elf/./elf/dl-audit.c
cfn=(198) _dl_audit_objopen
calls=3 77 
* 15
* 3
fi=(60)
92 8
+2 2
-1 2
+1 2
-1 2
+1 2
-1 2
+1 2
-1 4
+3 8
fi=(61)
-37 12
+3 12
+2 12
181 3
-22 2
fe=(30)
1510 6
1074 2
fi=(59)
186 8
cfi=(57)
cfn=(182)
calls=1 47 
* 21
+3 2
fe=(30)
1462 9
+2 2
-1 10
+1 2
-1 2
+1 2
-1 2
cfi=(32)
cfn=(94)
calls=2 98 
* 50
* 4
+2 5
1275 2

fn=(136)
385 27
241 6
385 3
241 3
cfi=(41)
cfn=(118)
calls=3 32 
* 162
+3 6
410 3
-11 3
+11 18
-11 3
cfi=(44) ./string/./string/strdup.c
cfn=(138) strdup
calls=3 40 
* 317

fn=(170)
1572 110
+32 11
-32 22
+32 22
+19 44
cfi=(53)
cfn=(172)
calls=11 28 
* 244
* 11
+2 22
+8 3
+1 6
+5 3
-5 3
+5 15
cfi=(54) ./io/../sysdeps/unix/sysv/linux/read_nocancel.c
cfn=(174) __read_nocancel
calls=3 25 
* 18
+2 6
+2 6
+2 6
+6 6
+17 39
+81 6
+5 6
+6 12
+6 6
+6 3
+1 3
-1 9
+1 9
+26 99
-22 13
+1 2
-1 1
+1 1
cfi=(70)
cfn=(226)
calls=1 25 
* 7
* 2
1668 3
-59 16
1777 2

fl=(38) ./elf/../sysdeps/x86_64/dl-hwcaps-subdirs.c
fn=(110) _dl_hwcaps_subdirs_active
29 1
fi=(19)
+2 1
fe=(38)
+7 1
fi=(19)
-8 4
fe=(38)
+22 1
fi=(19)
-20 3
+4 1
fe=(38)
+2 1
fi=(19)
-2 2
+3 4
+1 4
+5 1
fe=(38)
-7 1
fi=(19)
+7 3
fe=(38)
-2 1
fi=(19)
+5 2
+3 5
+2 4
+1 2
+1 2
+3 1
fe=(38)
-10 1
fi=(19)
+10 3
fe=(38)

fl=(39) ./elf/./elf/dl-hwcaps_split.c
fn=(120) _dl_hwcaps_split
25 5
+1 3
+21 1
-20 1
+20 3

fn=(114) _dl_hwcaps_split_masked
51 110
-25 44
+36 5
-7 5
+7 35
-26 24
+5 27
cfi=(41)
cfn=(118)
calls=9 -9 
* 216
* 9
+1 18
+3 6
+11 12
+1 18
+1 12
-2 6
+1 9
+1 6
-28 24
+4 48
+1 12
-1 30
+24 6
+9 12
-5 6
-2 6
+2 42
-19 6
cfi=(22)
cfn=(62)
calls=3 +14 
* 51
* 6

fl=(62)
fn=(194)
25 4
+1 16
+1 4

fl=(147) ./elf/./elf/dl-call-libc-early-init.c
fn=(464) _dl_call_libc_early_init
27 1
+2 2
-2 1
+6 3
-6 3
+6 1
-6 2
+6 1
cfi=(146)
cfn=(460)
calls=1 +41 
* 225
+4 2
+2 3
+2 1
-1 1
-1 1
+2 2
-1 1
cob=(2)
cfi=(148)
cfn=(466)
calls=1 -7 
* 353

fl=(41)
fn=(118)
32 21
+1 21
+1 21
+1 21
+1 21
+1 21
+1 21
+1 21
+1 21
+1 21
+1 21
+1 21
+1 21
+1 21
+1 21
+1 21
+1 21
+1 21
+1 16
+4 16
+1 16
+1 16
+1 16
+2 16
+4 5
+1 5
+1 5
+1 5
+1 5
+1 5
+1 5
+1 5
+1 5
+1 5
+1 5
+1 5
+1 5
+1 5
+1 5
+1 5
+1 5
+1 5
+1 5
+1 5
+1 5
+1 5
+1 5
+1 7
+5 1
+1 1
+3 1
+1 1
+1 1
+1 1
+1 1
+1 1
+1 1
+1 1
+1 1
+1 1
+1 1
+1 1
+1 1
+1 1
+1 1
+1 1
+1 1
+1 1
+2 1
+1 1
+2 1
+1 1
+1 1
+1 1
+1 1
+1 1
+1 1
+1 1
+2 1
+1 1
+1 1
+1 1
+1 1
+1 1
+1 1
+1 1
+1 1
+1 1
+3 1
+4 1
+1 1
+1 1
+1 1
+2 1
-9 4
+4 4
+1 4
+1 4
+1 4
+2 4

fl=(66)
fn=(212)
146 12
-55 12
+70 14
+1 2
-2 8
+1 8

fl=(155)
fn=(498) call_init.part.0
26 60
+17 5
+3 5
-3 10
+3 10
+5 8
+8 12
+1 12
cob=(3)
cfi=(153)
cfn=(520) 0x0000000004858000
calls=1 -60 
* 7
cob=(3)
cfi=(153)
cfn=(500) 0x000000000483d000
calls=1 -60 
* 7
+3 4
+1 8
+6 6
+2 6
-2 3
+3 20
+1 8
cob=(5) /usr/lib/x86_64-linux-gnu/libgcc_s.so.1
cfi=(161) ???
cfn=(526) 0x0000000000005b10
calls=1 -74 
* 12
cob=(2)
cfi=(160)
cfn=(518)
calls=1 545 
* 12
* 12
cob=(5)
cfi=(161)
cfn=(524) __cpu_indicator_init
calls=1 -74 
* 364
cob=(2)
cfi=(157)
cfn=(510)
calls=1 -28 
* 84
cob=(4) /usr/libexec/valgrind/vgpreload_core-amd64-linux.so
cfi=(156) ???
cfn=(504) 0x0000000000001110
calls=1 -74 
* 12
-1 15
+3 40
-29 2

fn=(496)
81 13
+1 1
+1 1
+3 3
+8 2
+25 1
+1 8
+1 10
-92 10
+6 15
+2 22
+83 8
cfn=(498)
calls=4 -94 
* 667
* 8
+7 8
-98 2
+60 2
-54 3
+2 7
cfn=(498)
calls=1 -11 
* 77
* 2

fl=(37)
fn=(108)
172 6
+3 1
-3 3
+3 1
-3 5
+2 1
cfi=(38)
cfn=(110)
calls=1 29 
* 49
+1 1
fi=(40) ./elf/./dl-hwcaps.h
43 1
fe=(37)
174 1
fi=(40)
45 2
+32 1
+1 1
+1 1
fe=(37)
-27 2
cfi=(39)
cfn=(114)
calls=1 -1 
* 23
* 2
fi=(40)
-9 1
+2 1
-2 1
+34 2
+1 2
+1 1
fe=(37)
-24 2
-1 2
+1 2
+1 2
+1 2
-5 4
cfi=(39)
cfn=(114)
calls=2 -1 
* 130
* 2
cfi=(39)
cfn=(114)
calls=1 -1 
* 125
* 6
+48 4
fi=(28)
-44 2
cfi=(27)
cfn=(78)
calls=1 -20 
* 30
fe=(37)
+46 2
-2 1
+2 1
+3 1
+3 1
fi=(40)
-65 1
+2 1
fe=(37)
+67 1
fi=(40)
-66 1
fe=(37)
+66 2
cfi=(39)
cfn=(120)
calls=1 -87 
* 13
* 2
fi=(40)
-69 1
+2 1
-2 1
+34 2
+1 2
+1 1
fe=(37)
+48 10
+1 4
+1 2
+1 2
-1 2
-4 4
cfi=(39)
cfn=(114)
calls=2 -74 
* 130
* 2
cfi=(39)
cfn=(114)
calls=1 -74 
* 125
* 6
+8 3
+9 5
+3 8
-2 6
+14 1
+4 1
+1 1
+1 1
-20 3
+19 1
+1 1
-20 2
+8 2
+4 2
-4 3
+4 2
cfi=(42)
cfn=(122)
calls=1 -96 
* 19
+1 3
-14 8
+47 1
-4 2
+4 2
-3 1
+7 1
-7 2
+7 1
fi=(28)
56 1
cfi=(27)
cfn=(78)
calls=1 -20 
* 30
* 1
fe=(37)
194 2
+8 1
fi=(40)
43 1
fe=(37)
201 1
80 1
fi=(40)
-35 1
fe=(37)
+35 1
202 1
fi=(40)
77 1
+1 1
fe=(37)
202 3
fi=(40)
79 1
fe=(37)
-2 2
cfi=(39)
cfn=(114)
calls=1 -26 
* 23
* 2
fi=(40)
-34 1
+2 1
fe=(37)
+35 2
fi=(40)
-37 1
+34 2
+1 2
+1 3
fe=(37)
+1 4
+7 2
-7 8
cfi=(29)
cfn=(126)
calls=2 197 
* 26
+4 2
+2 2
+2 2
-2 4
-9 4
cfi=(39)
cfn=(114)
calls=2 -26 
* 130
* 2
cfi=(39)
cfn=(114)
calls=1 -26 
* 125
* 6
213 2
-5 1
+1 1
-1 1
+5 1
+3 9

fl=(48)
fn=(482) _dl_audit_activity_nsid
41 1
+4 4
+1 1
+1 5

fn=(198)
77 3
+1 12

fn=(556) _dl_audit_preinit
118 1
+1 4

fn=(152) _dl_audit_activity_map
29 2
+2 1
-2 5
+1 1
+1 2
+6 6

fl=(145) ./elf/../sysdeps/nptl/dl-mutex.c
fn=(458) __rtld_mutex_init
30 2
+10 3
-10 3
+10 1
-10 1
+10 1
-10 1
+7 1
+3 2
cfi=(146)
cfn=(460)
calls=1 +34 
* 233
+4 2
+1 8
+2 3
-2 1
+2 3
cfi=(146)
cfn=(460)
calls=1 +27 
* 223
+4 2
+1 7
+1 6

fl=(67)
fn=(222) _dl_cache_libcmp
357 20
+1 20
+32 20
-33 20
+1 44
+2 108
+2 108
-2 216
+20 212
+2 212
-12 88
+2 88
+14 88
+1 88
-29 176
+32 6
-28 4
+6 2
+2 2
-2 2
+1 2
-1 2
+1 2
-1 2
+2 6
+2 2
-3 2
+3 6
+2 4
+9 54

fn=(214)
403 20
+2 4
+3 6
+69 3
+5 2
205 2
482 4
+3 6
fi=(69) ./elf/../sysdeps/x86/dl-procinfo.h
39 4
+3 6
cfi=(32)
cfn=(94)
calls=2 +56 
* 50
* 8
fe=(67)
208 12
cfi=(11)
cfn=(28)
calls=2 387 
* 46
* 2
+12 2
-10 2
-2 2
+12 4
-7 10
+9 10
+1 2
-32 4
+36 2
-4 2
+4 4
-5 80
+1 16
-32 32
+36 16
-4 16
+4 32
+4 54
cfn=(222)
calls=18 357 
* 1446
+1 36
346 16
+3 6
220 12
347 10
220 24
+2 20
+20 4
+3 4
+2 8
cfn=(222)
calls=2 357 
* 160
* 4
-7 4
-30 6
+1 2
fi=(239) ./elf/../sysdeps/x86/dl-isa-level.h
28 4
fe=(67)
210 4
fi=(239)
28 2
fe=(67)
210 2
+1 2
-1 6
+76 6
fi=(239)
28 6
fe=(67)
259 4
+10 6
+1 8
+16 2
fi=(68) ./elf/../sysdeps/generic/dl-cache.h
125 2
fe=(67)
286 6
+9 4
+3 4
+3 2
+1 6
+28 4
500 4
+12 4
cfi=(22)
cfn=(62)
calls=2 57 
* 70
+1 2
-1 2
+1 24
+1 2
-1 2
+1 2
-1 2
+1 2
cfi=(29)
cfn=(82)
calls=2 210 
* 30
* 2
+1 2
cfi=(44)
cfn=(138)
calls=2 40 
* 198
+1 16
411 4
cfi=(52)
cfn=(216)
calls=1 36 
* 103
* 1
+8 5
+1 8
+3 3
+1 1
-1 3
fi=(68)
194 1
+1 5
fe=(67)
431 1
+1 2

fn=(484) _dl_unload_cache
525 1
+1 4
-1 1
+3 1
-3 1
+3 1
cfi=(140)
cfn=(486) munmap
calls=1 117 
* 6
+7 1
-6 1
+4 1
+2 1

fl=(50) ./elf/./elf/dl-catch.c
fn=(158) _dl_catch_error
254 6
+2 1
-2 6
+2 1
cfn=(160) _dl_catch_exception
calls=1 -52 
* 2728
+1 2
+1 1
+1 1
-1 1
+1 1
+2 6

fn=(236) _dl_receive_error
186 2
58 1
186 4
+2 1
-2 1
58 1
+1 1
+11 1
192 1
+2 1
cfi=(2)
cfn=(238) version_check_doit
calls=1 674 
* 11386
69 2
+1 1
198 1
-1 1
+1 3

fn=(160)
204 42
58 7
204 14
+3 14
+22 7
-1 7
+1 7
58 14
235 21
cfi=(51) ./setjmp/../sysdeps/x86_64/setjmp.S
cfn=(162) __sigsetjmp
calls=7 31 
* 168
* 21
+2 21
cfi=(64) ./elf/./elf/dl-deps.c
cfn=(206) openaux
calls=6 61 
* 12513
cfi=(2)
cfn=(164) map_doit
calls=1 641 
* 2662
69 7
+1 7
-1 7
+1 7
239 28
-25 7
+34 21
59 14
+11 21

fl=(24)
fn=(86)
42 10
+2 20

fn=(256) __tls_init_tp
68 2
fi=(240) ./elf/../include/list.h
-24 1
fe=(24)
+24 3
fi=(240)
-25 1
fe=(24)
+26 1
+3 1
fi=(240)
-29 1
+1 1
+1 1
+2 1
fe=(24)
+28 4
+1 2
+1 1
+5 2
+5 1
+6 1
-3 1
+3 1
-6 3
+6 1
+12 4
cfi=(11)
cfn=(28)
calls=1 387 
* 24
fi=(75) ./elf/../sysdeps/unix/sysv/linux/rseq-internal.h
-73 3
+8 1
fe=(24)
+81 3
+7 2
+1 3
fi=(75)
-95 7
+3 2
fe=(24)

fn=(68) __tls_pre_init_tp
53 3
+3 8
+5 1
-5 1
+5 1
+1 1
-6 1
+8 1

fl=(71) ./malloc/./malloc/scratch_buffer_set_array_size.c
fn=(228) __libc_scratch_buffer_set_array_size
30 39
+4 3
+1 6
+10 6
+18 3
-17 3
+17 15

fl=(15)
fn=(34)
37 1
+2 3
+2 1
cfi=(16)
cfn=(36)
calls=1 682 
* 7344

fn=(462)
71 1
-32 3
+32 2

fl=(53)
fn=(172)
28 24
+3 12
-3 24
+3 72
+8 84
+2 8
-2 24
+2 16

fl=(27)
fn=(74)
80 10
+4 10
-4 40
+7 10
+1 30
fi=(28)
-32 10
cfi=(27)
cfn=(78)
calls=10 -20 
* 407
fe=(27)

fn=(142)
97 2
+2 8

fn=(78)
36 248
+1 93
+11 90
+3 30
-3 30
+3 60
-3 2
+3 1
-3 1
+3 118
+19 31
+1 31
+2 186
-17 8
+1 4
+2 2
+1 14
cfi=(57)
cfn=(182)
calls=2 -13 
* 52
* 2
+2 4
+2 8
cfi=(58) ./misc/../sysdeps/unix/sysv/linux/setvmaname.c
cfn=(184) __set_vma_name
calls=2 -31 
* 56
+1 6
+2 2
+4 2
-4 4
-24 1
-1 1
+1 1
+1 2
-2 2

fl=(64)
fn=(202) _dl_map_object_deps
143 4
+1 2
-1 1
+1 1
-1 2
+1 1
-1 1
+1 1
-1 4
+1 3
-1 1
+1 7
-8 1
+8 2
-8 1
-6 1
-2 1
+16 1
-8 1
-7 1
+1 1
+6 1
+24 4
-28 3
-2 1
+31 1
-33 2
+2 2
+30 2
-30 1
-1 4
+7 4
+24 3
+28 3
-6 1
+46 1
fi=(72) ./elf/../include/scratch_buffer.h
77 1
fe=(64)
+87 1
fi=(72)
-87 1
+1 1
fe=(64)
184 1
+44 4
-31 1
-4 1
+4 6
-4 4
+4 8
+11 14
-18 2
+18 4
417 10
+2 3
+3 3
-3 9
+3 3
-3 3
fi=(28)
56 3
cfi=(27)
cfn=(78)
calls=3 -20 
* 90
fe=(64)
423 9
fi=(28)
56 3
fe=(64)
423 3
+6 3
+1 15
cfi=(29)
cfn=(82)
calls=3 210 
* 33
+1 15
cfi=(29)
cfn=(82)
calls=3 210 
* 33
+3 3
+1 6
+4 15
188 8
442 12
-1 5
+1 10
183 6
+27 12
+7 3
+4 3
-6 3
+1 3
+1 3
+1 6
+3 9
-2 3
-29 15
+32 170
+6 24
cfi=(30)
cfn=(204)
calls=6 +10 
* 354
* 18
+4 12
-2 6
+2 12
cfi=(50)
cfn=(160)
calls=6 -28 
* 12909
+1 12
+9 6
+2 12
+5 15
+6 3
+2 3
-8 6
+3 3
+1 3
+1 3
+1 3
+4 3
-3 3
+3 9
+4 18
+1 9
-43 349
+7 12
+38 237
fi=(72)
85 3
fe=(64)
448 5
+1 1
+3 4
+11 5
fi=(28)
56 1
cfi=(27)
cfn=(78)
calls=1 -20 
* 30
fe=(64)
465 3
fi=(28)
56 1
fe=(64)
465 1
+5 2
+1 1
-1 3
+4 3
-2 2
+13 4
+5 4
-16 12
+11 4
-7 4
+7 4
-2 8
-5 1
+7 1
-2 2
+2 1
-11 1
+11 1
+5 1
-16 3
+21 3
+37 2
+15 2
-14 2
+20 1
-1 4
+1 4
-1 5
cfi=(13)
cfn=(232)
calls=1 298 
* 349
+5 1
+2 1
+1 1
+1 2
-2 1
+2 1
+7 3
+3 2
+3 8
198 32
+3 3
fi=(72)
-70 12
cfi=(71)
cfn=(228)
calls=3 30 
* 75
fe=(64)
+70 9
+4 6
547 4
cfi=(29)
cfn=(82)
calls=1 210 
* 19
* 3
-53 2
144 2

fn=(206)
61 36
+7 6
-4 18
+1 6
-1 42
cfi=(30)
cfn=(166)
calls=6 1967 
* 12381
* 6
+5 18

fl=(2)
fn=(238)
674 2
+2 1
-2 4
+2 3
cfi=(73) ./elf/./elf/dl-version.c
cfn=(240) _dl_check_all_versions
calls=1 392 
* 11371
* 2
+4 3

fn=(164)
641 2
+2 1
-2 4
+2 1
+1 2
-1 2
+1 3
cfi=(30)
cfn=(166)
calls=1 1967 
* 2643
* 1
+2 3

fn=(2)
517 16
85 1
547 4
85 1
543 1
fi=(6)
55 1
fe=(2)
+30 1
546 1
85 1
fi=(3) ./elf/./get-dynamic-info.h
-40 1
fe=(2)
546 1
fi=(3)
45 2
+23 18
-23 72
+4 36
+3 5
-1 10
+3 20
+1 16
+1 5
fi=(4)
+23 1
fi=(3)
+31 1
-38 3
+12 4
+1 3
+1 4
+1 4
+1 5
+1 3
+1 4
+1 4
+12 7
+7 2
-51 4
+64 3
+6 3
+1 3
+3 2
+1 3
+5 5
+3 5
fe=(2)
563 154
fi=(4)
79 1
fe=(2)
563 1
fi=(4)
79 2
fe=(2)
563 27
fi=(6)
287 3
fi=(5)
49 1
fe=(2)
563 1
fi=(5)
50 1
-1 2
+4 1
-3 1
+3 4
+3 2
-7 1
fe=(2)
563 1
fi=(5)
50 1
-1 2
+4 1
-3 1
+3 4
+3 2
+7 3
+2 3
-2 6
fi=(6)
278 3
fi=(5)
64 6
fi=(6)
278 6
+9 24
+3 6
+1 6
+26 8
+6 2
fi=(5)
61 13
fe=(2)
563 6
fi=(5)
51 1
fi=(4)
+28 2
fi=(3)
-17 4
+2 4
fe=(2)
565 1
+13 1
cfi=(7)
cfn=(12) __rtld_malloc_init_stubs
calls=1 42 
* 10
458 2
85 1
476 2
85 3
476 1
cfi=(8)
cfn=(14)
calls=1 25 
* 27
+2 1
+16 2
-17 1
+11 1
-10 1
+16 1
cfi=(9)
cfn=(16)
calls=1 102 
* 254698
* 1
+2 2
+89 9
fi=(3)
103 3
fe=(2)

fn=(246) init_tls
734 1
+6 1
-6 3
+2 2
+4 2
+11 1
fi=(28)
44 1
fe=(2)
746 1
+4 1
fi=(28)
44 1
cfi=(27)
cfn=(74)
calls=1 +36 
* 41
fe=(2)
761 1
-12 1
+6 1
-9 1
+11 1
+4 1
+2 3
-1 2
+3 10
+4 3
+2 3
-2 6
-5 3
-1 6
+10 3
+3 2
cfi=(46)
cfn=(248)
calls=1 97 
* 86
+3 1
cfi=(46)
cfn=(250)
calls=1 216 
* 147
+7 1
cfi=(46)
cfn=(252)
calls=1 417 
* 469
* 1
+1 2
+6 1
fi=(74) ./elf/../sysdeps/generic/dl-call_tls_init_tp.h
31 2
fe=(2)
793 1
fi=(74)
31 6
+2 1
cfi=(24)
cfn=(256)
calls=1 +35 
* 79
fe=(2)
800 1
-3 1
+3 4
-36 2
-1 5

fn=(66)
1346 2
197 1
1346 11
199 1
302 1
+1 1
197 1
+99 3
1357 1
cfi=(24)
cfn=(68)
calls=1 53 
* 17
2749 1
2538 1
2749 2
2598 1
+2 2
+15 1
-13 2
cfi=(25)
cfn=(70)
calls=1 28 
* 87
* 4
cfi=(25)
cfn=(70)
calls=2 28 
* 573
* 9
+4 6
-2 2
+2 6
+1 2
-1 6
+1 17
-1 89
+9 12
2727 3
1373 1
+1 2
-1 2
+1 2
2687 3
-47 2
+10 2
1637 9
cfi=(26)
cfn=(72)
calls=1 59 
* 210
* 1
+2 2
+1 3
+6 1
-5 2
+1 3
+4 1
cfi=(26)
cfn=(84)
calls=1 31 
* 42
+1 2
1116 1
-1 1
1351 1
1143 1
-21 2
+21 2
-19 1
+1 1
-3 1
+21 2
+57 1
-82 1
+25 1
-3 1
+4 1
+19 1
+37 4
-56 112
+56 4
-1 4
+1 8
-1 4
+2 8
+1 1
+2 12
+1 14
+4 8
+1 8
+1 4
+4 12
-72 27
1253 2
+1 24
+6 4
cfi=(30)
cfn=(88)
calls=1 868 
* 56
-7 28
+1 14
+6 14
-6 28
fi=(31)
235 4
+1 2
-87 4
fe=(2)
1221 3
+7 1
-1 2
+6 1
-6 2
-79 1
+85 3
-90 2
+91 1
+1 1
-1 1
+4 2
-95 2
+5 1
-5 1
+5 2
-5 2
+30 1
-9 2
+2 1
-3 1
+10 2
+18 2
-38 2
-10 1
+10 1
+1 9
-11 2
+1 14
1247 1
1143 1
1247 2
1143 3
1266 4
+2 3
+1 3
+2 3
1672 3
+2 2
-1 1
+1 1
+1 3
-2 2
cfi=(32)
cfn=(94)
calls=1 98 
* 25
* 2
+7 1
+3 1
-5 1
+3 1
+2 1
+1 2
+4 2
+2 2
fi=(3)
39 4
+4 1
+2 1
+9 1
+1 1
-10 2
+23 28
-23 112
+4 56
+3 6
-1 12
+3 24
+1 20
fe=(2)
1243 1
1143 1
1243 1
1143 2
fi=(3)
72 4
+43 2
+7 3
+1 4
+6 3
+18 4
+5 2
+2 2
+2 2
+2 2
+1 2
+3 4
+2 3
+1 2
+9 2
+6 2
+1 3
+3 3
fe=(2)
1698 4
+7 2
cfi=(8)
cfn=(14)
calls=1 25 
* 27
+3 2
fi=(33) ./elf/./setup-vdso.h
24 2
fi=(36) ./elf/./dl-main.h
+85 2
fi=(35) ./elf/../sysdeps/unix/sysv/linux/dl-vdso-setup.h
-64 1
fi=(36)
+64 3
cfi=(30)
cfn=(106)
calls=1 706 
* 4442
fe=(2)
1733 3
cfi=(45)
cfn=(144)
calls=1 56 
* 34
+7 1
-5 1
-2 1
+7 1
+4 1
+1 1
+2 1
-3 3
+1 2
+3 1
+11 1
-13 1
+13 1
+1 2
+5 1
-3 2
+2 1
+1 2
+5 3
+1 5
-1 2
224 1
+1 1
-1 1
+1 3
+1 2
1788 2
+5 1
-1 1
1352 1
1793 1
+24 1
cfi=(46)
cfn=(146)
calls=1 192 
* 6
* 1
fi=(47) ./elf/../sysdeps/generic/dl-debug.h
29 4
+1 1
fe=(2)
1823 1
+1 1
cfi=(45)
cfn=(150)
calls=1 116 
* 2
+1 1
+4 3
cfi=(48)
cfn=(152)
calls=1 29 
* 17
+5 3
+2 1
+2 2
+9 2
+16 4
cfi=(63) ./io/../sysdeps/unix/sysv/linux/access.c
cfn=(200) access
calls=1 25 
* 9
* 2
+76 4
+16 3
85 1
1965 1
85 2
1965 1
85 1
1965 5
85 1
1965 2
cfi=(64)
cfn=(202)
calls=1 143 
* 15372
92 1
+9 1
1971 1
92 2
+9 2
1971 2
+1 6
-1 4
+1 8
-1 16
+4 3
+1 2
+1 1
+2 18
+1 8
+46 1
-42 2
+8 3
+1 2
+2 1
+2 3
+2 1
-4 1
+5 1
-1 2
+14 2
+1 2
+1 3
-25 1
+36 2
+2 1
-2 1
+2 2
-2 1
+1 2
+1 1
-1 2
+1 1
cfi=(50)
cfn=(236)
calls=1 186 
* 11408
+10 1
+1 1
-1 1
+1 1
+3 2
837 1
fi=(241) ./elf/../sysdeps/unix/sysv/linux/dl-osinfo.h
39 2
fe=(2)
839 1
fi=(241)
52 1
fe=(2)
848 1
+7 1
-5 1
2047 3
2246 2
+4 1
-4 1
+10 1
-6 1
+6 1
-6 1
+9 2
+8 2
fi=(31)
36 2
+1 3
+3 3
+13 7
-13 4
+9 8
-9 1
+9 20
+4 16
-16 15
+34 1
fe=(2)
2279 1
fi=(31)
71 1
cfi=(76)
cfn=(260) _dl_cet_check
calls=1 361 
* 33
fe=(2)
2282 1
-3 2
+5 1
-2 2
+2 2
+1 6
cfi=(77)
cfn=(262)
calls=1 207 
* 71375
85 2
2292 1
85 2
2292 1
+1 14
+2 10
+5 10
+2 10
+6 5
+2 10
+1 32
cfi=(77)
cfn=(262)
calls=4 207 
* 67498
+4 16
+1 6
-23 3
+23 3
cfi=(46)
cfn=(438)
calls=3 1017 
* 84
-23 7
92 3
+1 1
2325 1
93 1
2325 1
+4 4
+2 1
+7 4
cfi=(46)
cfn=(440)
calls=1 523 
* 311
+3 2
+4 3
+2 2
+33 3
cfi=(147)
cfn=(464)
calls=1 27 
* 603
+7 1
cfi=(9)
cfn=(480)
calls=1 147 
* 2
+3 3
cfi=(48)
cfn=(482)
calls=1 41 
* 11
+4 2
cfi=(45)
cfn=(196)
calls=1 38 
* 7
+1 1
-1 1
+2 1
cfi=(45)
cfn=(150)
calls=1 116 
* 2
+1 1
+4 1
cfi=(67)
cfn=(484)
calls=1 525 
* 19
+5 8
2304 1
+1 1
-3 2
226 2
-2 1
+1 1
1773 1
+6 1
-6 2
+6 1
fi=(3)
56 5
+3 4
fi=(34) ./elf/../sysdeps/unix/sysv/linux/dl-vdso.h
-19 2
+1 5
fi=(35)
-11 1
+3 1
+3 1
+3 1
fi=(34)
+16 2
fi=(3)
+17 3
+12 3
+1 5
+1 5
+1 5
+1 4
+1 5
+1 5
+1 5
+12 2
+7 1
-7 7
+7 2
fe=(2)
1743 4
2357 1
cfi=(141)
cfn=(442)
calls=1 561 
* 733
+5 3
cfi=(7)
cfn=(450) __rtld_malloc_init_real
calls=1 76 
* 2651
+3 1
cfi=(145)
cfn=(458)
calls=1 30 
* 503
85 1
2371 1
+1 3
85 3
2372 2
cfi=(77)
cfn=(262)
calls=1 207 
* 1699
92 3
+9 3
2687 2
+2 1
+1 1
-1 1
+1 1
+1 1
2040 2
cfn=(246)
calls=1 734 
* 912
* 2
2650 2
+2 2
+1 1
fi=(3)
62 4
+2 4
fe=(2)
1943 10
85 1
1842 2
85 3
1842 2
cfn=(154) handle_preload_list
calls=1 869 
* 3098
* 1
92 3
+9 3
1943 6
+1 1
-1 1
+4 3
+1 1
+1 2
+1 2
-7 2

fn=(154)
869 11
+5 1
-5 2
+5 2
-4 3
+7 3
cfi=(49)
cfn=(156)
calls=1 32 
* 254
* 1
+1 3
+9 1
183 1
889 2
183 2
891 2
-80 1
+5 1
-6 1
-4 1
+10 2
-6 1
+4 1
+2 2
-5 1
+1 1
+4 1
cfi=(50)
cfn=(158)
calls=1 254 
* 2754
+1 3
+8 3
+67 1
-18 2
+21 9
-15 4
cfi=(29)
cfn=(82)
calls=1 210 
* 19
+1 2

fl=(140)
fn=(436)
117 25
+5 5

fn=(486)
117 5
+5 1

fl=(78)
fn=(270)
772 978
+3 163
-3 489
+3 163
-3 652
fi=(79) ./elf/../sysdeps/generic/dl-new-hash.h
74 163
+3 326
-8 163
+1 326
+10 163
+1 326
-1 997
+1 1994
+20 1084
-2 1084
+6 1084
-3 2168
+2 1084
-30 1084
+3 2168
fe=(78)
774 163
+1 163
+3 163
-4 163
+1 163
+7 628
+5 163
-2 163
+2 163
-2 163
+6 2332
+1 2282
cfn=(274) do_lookup_x
calls=163 347 
* 66915
* 489
+28 163
-23 489
+23 163
-23 326
+24 902
+7 153
-7 153
+35 612
+34 612
-20 459
+3 306
-57 163
+76 1467
fi=(79)
87 76
+1 76
+1 152
+1 76
fe=(78)
871 2
-72 60
+18 30
+11 40

fn=(276) check_match
70 2370
+3 942
+13 155
-13 155
+13 155
-13 155
+13 465
+3 674
cfi=(32)
cfn=(94)
calls=91 +9 
* 4991
* 182
+4 155
+1 310
+2 306
+19 306
+1 1224
+2 4
+43 153
+1 1264
-18 4
+2 4
+1 2
-1 4
+1 6
-1 4
-68 4
+39 453
cfi=(32)
cfn=(94)
calls=151 -19 
* 4074
* 302
-44 12
+5 6

fn=(274)
347 1467
+1 163
-1 652
+6 163
-6 163
+65 163
-58 163
+11 163
+50 163
-3 326
+3 326
-50 163
+50 652
-19 2010
+8 670
-4 670
+1 670
+3 2680
+1 1340
+3 670
-3 670
+4 1340
+4 1340
-2 670
+5 2680
+3 4690
+99 1551
358 1340
+3 1340
+4 1340
+21 1340
+4 1340
+71 1224
fi=(4)
139 306
+1 459
fe=(78)
476 306
fi=(80) ./elf/../sysdeps/generic/dl-protected.h
29 612
fe=(78)
483 1104
+16 306
+1 153
+22 153
-21 153
+21 1071
-99 474
-1 316
+2 316
+2 156
+6 624
-6 156
+6 1092
+7 585
-10 1740
+2 158
+1 474
-1 158
+1 316
-1 158
+1 158
+1 158
-1 158
+1 158
-1 1106
cfn=(276)
calls=158 70 
* 18841
+4 474
+3 10
+31 24
+52 10
-1 10
+1 70
-35 90

fl=(44)
fn=(138)
40 30
+1 5
cfi=(22)
cfn=(62)
calls=5 +16 
* 183
* 5
fi=(242) ./string/../include/rtld-malloc.h
+15 10
cfi=(27)
cfn=(78)
calls=5 -20 
* 150
fe=(44)
-12 10
+3 15
+1 15
-1 5
cfi=(29)
cfn=(82)
calls=5 210 
* 87

fl=(7)
fn=(12)
42 1
+1 2
+1 2
+1 2
+1 2
+1 1

fn=(134)
239 3
+3 6
+2 3
+1 6
+4 6
-2 4
+4 164
+5 486
-2 326
+6 2
+7 1
+4 2
-4 1
+4 4
-22 81
+15 81
-15 164

fn=(454) lookup_malloc_symbol
61 8
+3 4
-3 12
+3 4
-3 12
+3 4
-3 4
+2 4
+1 16
cfi=(78)
cfn=(270)
calls=4 772 
* 2368
+4 28
+1 28
+2 4
fi=(144) ./elf/./dl-sym-post.h
-30 8
+12 12
fe=(7)
+19 24

fn=(450)
76 2
+10 1
fi=(143) ./elf/../sysdeps/generic/dl-hash.h
-41 1
-1 1
fe=(7)
+32 8
+11 1
-1 1
fi=(143)
-43 1
+5 3
+14 4
-17 3
+3 15
+14 20
-17 15
fe=(7)
+46 2
fi=(143)
-24 1
fe=(7)
+22 1
+2 2
fi=(143)
-19 1
fe=(7)
+19 1
cfn=(454)
calls=1 -30 
* 617
+1 3
-1 1
+1 1
cfn=(454)
calls=1 -31 
* 606
+1 3
-1 1
+1 1
cfn=(454)
calls=1 -32 
* 691
+1 3
-1 1
+1 1
cfn=(454)
calls=1 -33 
* 626
+5 1
+1 1
+1 1
+1 1
+1 8

fl=(63)
fn=(200)
25 1
+2 7
+4 1

fl=(43)
fn=(130)
132 10
+1 50
+5 10
+1 10
+3 4
+1 4
+38 1
+1 1
+2 1
+60 4
+1 4
+12 4
+3 4
+1 4
+12 3
+1 3
+13 3
+1 3
+2 3
+3 2
+3 4
+3 2
+1 2
+1 2
+1 2
+1 2
+1 2
+1 2
-6 39
+1 39
+1 39
+1 39
+1 39
+1 39
+1 39
+3 3
+1 3
+1 3
+1 3
+5 3
+34 6
+2 6
+1 6
+39 6
+1 6
+2 6

fl=(73)
fn=(240)
392 7
+4 5
-2 1
+4 30
cfn=(242) _dl_check_map_versions
calls=5 155 
* 11286
-2 5
+2 15
-1 5
-1 10
+5 7

fn=(242)
155 50
+15 15
+2 25
+2 5
+1 5
+2 10
+3 6
-16 6
+20 3
-4 3
-24 3
+28 21
+16 6
36 3
200 3
36 21
200 6
36 3
200 3
36 21
+1 20
-1 40
+2 78
cfi=(52)
cfn=(168)
calls=26 +30 
* 3000
* 58
208 18
+5 6
fi=(243) ./elf/../sysdeps/generic/_itoa.h
76 18
fe=(73)
213 12
+4 12
+1 12
-1 12
+4 6
-3 6
+3 6
-3 18
-1 38
+1 38
-1 38
+4 19
-3 19
+3 19
-3 132
56 100
+8 75
+6 75
+16 25
+1 50
+2 25
+5 175
+14 720
+12 1005
+4 335
-30 670
231 100
+3 75
+5 19
-24 19
110 25
+3 125
cfi=(32)
cfn=(94)
calls=25 -15 
* 823
* 75
224 75
+4 12
+15 18
+5 3
-50 3
+59 15
+3 6
+3 21
+3 12
+4 3
-7 12
+3 9
+4 58
-7 232
+3 177
+8 9
+6 8
fi=(28)
44 4
fe=(73)
280 8
fi=(28)
44 4
cfi=(27)
cfn=(74)
calls=4 +36 
* 164
fe=(73)
281 8
-2 4
fi=(28)
44 4
fe=(73)
281 4
+13 4
-3 4
+3 16
+2 8
+3 12
+4 18
+7 25
+1 25
-1 75
+1 25
+1 25
-2 25
+2 50
+1 75
+3 75
+5 19
-15 19
+2 19
-2 19
+2 19
-2 19
+2 38
-2 6
+2 6
-2 6
+2 6
-2 6
+2 12
+16 18
+5 3
-28 3
+33 6
+3 6
+4 61
+6 61
+1 61
+1 61
-1 183
+1 61
-1 61
+1 61
+1 61
+3 183
+4 61
-14 128
+10 9
+12 6
+1 6
+1 6
+1 2
+19 45
164 2
-8 2
257 5
+17 3
+60 2
-40 2
+76 4
+2 4
+4 2
-4 120
+1 60
+2 1
+1 2
-1 1
+1 1
cfi=(32)
cfn=(244) strncmp
calls=1 98 
* 32
* 2

fl=(57)
fn=(182)
47 16
+3 32
-3 96
+6 32
+5 96
+2 64
-7 36

fl=(11)
fn=(22)
261 8
+22 1
-22 1
128 1
283 1
-22 1
+6 4
42 515
+6 102
-3 102
+3 9922
+4 204
+4 204
fi=(12) ./elf/./elf/dl-tunables.h
160 102
fe=(11)
56 204
fi=(12)
161 48
-1 246
+1 354
-1 204
fe=(11)
281 16728
+6 30294
fi=(12)
160 1020
+1 2040
-1 71
+1 284
-1 355
fe=(11)
304 8

fn=(58)
153 15
-81 40
+81 15
-81 10
+10 5
fi=(244) ./elf/./dl-tunable-types.h
+2 5
fe=(11)
+9 40
+1 25
fi=(12)
+47 10
fe=(11)
-26 25
+1 5
+1 5
+1 5
+39 15
fi=(12)
-15 10
fe=(11)
-45 10
+3 5
fi=(12)
+51 5
fe=(11)
-51 5
+4 10
+7 10
+1 10
-12 25

fn=(28)
387 37
+3 74
-3 37
+3 296
+9 34
-9 68
+19 23
+7 222
+2 37
-19 14
+1 14
+9 6

fl=(55)
fn=(178)
30 4
+9 16
+33 4

fl=(29)
fn=(82)
210 21
+1 21
+6 21
+1 21
+2 15
+1 15
+1 15
+2 6
+1 6
+1 6
+2 6
+80 6
+1 6
+2 1
+4 1
+1 1
+1 1
+1 1
+1 1
+4 1
+2 1
+39 5
+1 5
+1 5
+1 5
+1 5
+7 7
+1 7
+1 7
+1 7
+1 7
+1 7
+1 7
+11 9
+1 9
+2 9
+1 9
+1 9
+2 2
+1 2
+1 2
+1 2
+1 2
+1 2
+1 2
+1 2
+1 2
+1 2
+1 2
+1 2
+1 2
+1 2
+1 2

fn=(126)
197 30
+1 30
+1 30
+1 30
+17 30
+1 30
+2 12
+1 12
+1 12
+2 7
+1 7
+1 7
+2 7
+80 18
+1 18
+2 5
+4 5
+1 5
+1 5
+8 5
+39 13
+1 13
+1 13
+1 13
+1 13
+7 2
+1 2
+1 2
+1 2
+1 2
+1 2
+1 2
+11 5
+1 5
+2 5
+1 5
+1 5
+2 3
+1 3
+1 3
+1 3
+1 3
+1 3
+1 3
+1 3
+1 3
+1 3
+1 3
+1 3
+1 3
+1 3
+1 3

fl=(26)
fn=(84)
31 16
+2 4
-2 8
+2 4
-2 12
+2 4
cfi=(24)
cfn=(86)
calls=4 +9 
* 12
+2 35
+3 36
+2 3
+2 3
+4 3
+4 3
-4 6
+1 6
+1 6
+3 15
-1 3
cfi=(24)
cfn=(86)
calls=3 -8 
* 9
-4 1
+4 1
-4 2
+1 2
+1 2
+3 5
-1 1
cfi=(24)
cfn=(86)
calls=1 -8 
* 3
-5 2

fn=(72)
59 60
+3 8
+18 6
+3 3
cfi=(22)
cfn=(62)
calls=3 -26 
* 69
+4 3
-4 3
+4 3
+5 3
-9 9
fi=(28)
-39 6
cfi=(27)
cfn=(74)
calls=3 +36 
* 224
fe=(26)
+39 1
fi=(28)
-39 2
cfi=(27)
cfn=(74)
calls=1 +36 
* 47
* 4
fe=(26)
+51 8
+5 4
+4 4
-6 4
+2 4
+4 4
-5 4
+4 4
+1 4
-1 4
+1 8
cfi=(29)
cfn=(82)
calls=4 210 
* 55
* 4
+15 4
-15 4
+2 4
+13 8
+6 1
+2 7
+3 2
-3 21
+3 6
+2 4
+4 4
+3 12
+2 12
-2 8
+2 8
-2 16
+16 8
-5 4
+5 4
-6 4
+6 4
-6 4
+6 8
+2 6
+3 6
-3 6
+7 12
+4 9
+8 1
+13 1
-10 2
+10 6
-10 6
+10 9
+2 3
cfi=(22)
cfn=(62)
calls=3 57 
* 105
+21 3
-21 9
+17 3
-13 9
+50 9
cfi=(29)
cfn=(126)
calls=3 -48 
* 55
* 3
+5 6
+1 6
-1 108
+1 108
+4 6
+1 3
+3 3
+4 36
131 8
-8 3
-4 6
+34 1
+7 4
+8 12
fi=(28)
56 6
cfi=(27)
cfn=(78)
calls=3 -20 
* 90
* 3
fe=(26)
200 6
-1 6
64 2
+2 3
+1 2
+4 6
+6 2

fl=(51)
fn=(162)
31 7
+2 7
+9 7
+1 14
+1 7
+4 7
+1 7
+1 7
+1 7
+1 7
+2 14
+2 7
+1 7
+1 7
+2 14
+2 7
+8 7
+3 7
+1 7
+7 7
+1 7

fl=(54)
fn=(174)
25 3
+1 12
+1 3

fl=(32)
fn=(244)
98 1
+27 1
+1 1
+1 1
+1 1
+1 1
+2 1
+1 1
+2 1
+1 1
+21 1
+1 1
+1 1
+1 1
+1 1
+1 1
+1 1
+1 1
+17 1
+1 1
+1 1
+1 1
+1 1
+1 1
+1 1
2104 1
+3 1
+1 1
+2 1
+1 1
+8 1
+1 1

fn=(94)
98 386
+33 386
+1 386
+2 386
+1 386
+21 386
+1 386
+1 321
+1 321
+1 260
+1 260
+1 260
+1 260
+17 260
+1 260
+1 260
+1 260
+1 260
+1 260
+1 260
+5 25
+1 75
+9 25
+1 25
+1 25
+1 25
+1 25
+1 25
+1 25
+1 25
-7 126
+1 126
+1 126
+1 126
+1 126
+1 126
+1 126
+1 126
+1 142
+1 76
+1 76
+1 76
+2 76
+1 76
+1 76
+1 76
+1 76
+1 76
-5 66
+1 66
+1 66
+1 66
+1 66
+1 66
+10 9
+1 9
+1 9
+2 9
+6 9
+1 9
+1 9
+1 9
+1 9
+5 9
+2 5
+1 5
+1 10
+8 5
+1 5
+3 5
+1 5
+1 5
+1 5
+1 5
+1 5
+31 7
+1 7
+1 7
+1 7
+1 7
+2 7
+1 7
+1 7
+1 7
+1 7
+1 7
+1 7
+1 7
+3 7
+1 7
+1 7
+6 7
+1 7
+1 14
+4 7
+1 7
+3 7
+1 7
+1 7
+2 7
+1 7
+1 7
+4 7
+1 7
+1 7
+1 7
+1 7
+1 7
+75 7
+1 7
+1 7
+1 7
+1 7
+2 7
+1 7
+1 7
+1 7
+1 7
+1 7
+1 7
542 3
+1 3
+1 3
+1 3
+1 3
+2 3
+1 3
+1 3
+1 3
+1 3
+1 3
+1 3
+1 2
+4 2
+1 2
+1 2
+6 2
+1 2
+1 4
+4 2
+1 2
+3 2
+1 2
+1 2
+2 2
+1 2
+1 2
+4 2
+1 2
+1 2
+1 2
+1 2
+1 2
+7 2
+1 2
+2 2
+1 2
+2 2
+1 2
+1 2
+2 2
+1 2
+1 2
+4 2
+1 2
+1 2
+1 2
+1 2
+1 2
+41 4
+1 4
+1 4
+1 4
+1 4
+2 4
+1 4
+1 4
+1 4
+1 4
+1 4
+1 4
+1 3
+4 3
+1 3
+1 3
+6 3
+1 3
+1 6
+4 3
+1 3
+3 3
+1 3
+1 3
+2 3
+1 3
+1 3
+4 3
+1 3
+1 3
+1 3
+1 3
+1 3
+69 3
+1 3
+1 3
+1 3
+1 3
+2 3
+1 3
+1 3
+1 3
+1 3
+1 3
+1 3
+1 1
+4 1
+1 1
+1 1
+6 1
+1 1
+1 2
+4 1
+1 1
+3 1
+1 1
+1 1
+2 1
+1 1
+1 1
+4 1
+1 1
+1 1
+1 1
+1 1
+1 1
+69 6
+1 6
+1 6
+1 6
+1 6
+2 6
+1 6
+1 6
+1 6
+1 6
+1 6
+1 6
+1 5
+4 5
+1 5
+1 5
+6 5
+1 5
+1 10
+4 5
+1 5
+3 5
+1 5
+1 5
+2 5
+1 5
+1 5
+4 5
+1 5
+1 5
+1 5
+1 5
+1 5
+7 2
+1 2
+2 2
+1 2
+2 2
+1 2
+1 2
+2 2
+1 2
+1 2
+4 2
+1 2
+1 2
+1 2
+1 2
+1 2
+41 3
+1 3
+1 3
+1 3
+1 3
+2 3
+1 3
+1 3
+1 3
+1 3
+1 3
+1 3
+1 1
+4 1
+1 1
+1 1
+6 1
+1 1
+1 2
+4 1
+1 1
+3 1
+1 1
+1 1
+2 1
+1 1
+1 1
+4 1
+1 1
+1 1
+1 1
+1 1
+1 1
+69 4
+1 4
+1 4
+1 4
+1 4
+2 4
+1 4
+1 4
+1 4
+1 4
+1 4
+1 4
+1 1
+4 1
+1 1
+1 1
+6 1
+1 1
+1 2
+4 1
+1 1
+3 1
+1 1
+1 1
+2 1
+1 1
+1 1
+4 1
+1 1
+1 1
+1 1
+1 1
+1 1
+69 9
+1 9
+1 9
+1 9
+1 9
+2 9
+1 9
+1 9
+1 9
+1 9
+1 9
+1 9
+1 5
+4 5
+1 5
+1 5
+6 5
+1 5
+1 10
+4 5
+1 5
+3 5
+1 5
+1 5
+2 5
+1 5
+1 5
+4 5
+1 5
+1 5
+1 5
+1 5
+1 5
+69 11
+1 11
+1 11
+1 11
+1 11
+2 11
+1 11
+1 11
+1 11
+1 11
+1 11
+1 11
+1 2
+4 2
+1 2
+1 2
+6 2
+1 2
+1 4
+4 2
+1 2
+3 2
+1 2
+1 2
+2 2
+1 2
+1 2
+4 2
+1 2
+1 2
+1 2
+1 2
+1 2
+7 1
+1 1
+2 1
+1 1
+2 1
+1 1
+1 1
+2 1
+1 1
+1 1
+4 1
+1 1
+1 1
+1 1
+1 1
+1 1
+41 14
+1 14
+1 14
+1 14
+1 14
+2 14
+1 14
+1 14
+1 14
+1 14
+1 14
+1 14
+1 5
+4 5
+1 5
+1 5
+6 5
+1 5
+1 10
+4 5
+1 5
+3 5
+1 5
+1 5
+2 5
+1 5
+1 5
+4 5
+1 5
+1 5
+1 5
+1 5
+1 5
+69 24
+1 24
+1 24
+1 24
+1 24
+2 24
+1 24
+1 24
+1 24
+1 24
+1 24
+1 24
+1 6
+4 6
+1 6
+1 6
+6 6
+1 6
+1 12
+4 6
+1 6
+3 6
+1 6
+1 6
+2 6
+1 6
+1 6
+4 6
+1 6
+1 6
+1 6
+1 6
+1 6
+7 1
+1 1
+2 1
+1 1
+2 1
+1 1
+1 1
+2 1
+1 1
+1 1
+4 1
+1 1
+1 1
+1 1
+1 1
+1 1
+41 19
+1 19
+1 19
+1 19
+1 19
+2 19
+1 19
+1 19
+1 19
+1 19
+1 19
+1 19
+1 9
+4 9
+1 9
+1 9
+6 9
+1 9
+1 18
+4 9
+1 9
+3 9
+1 9
+1 9
+2 9
+1 9
+1 9
+4 9
+1 9
+1 9
+1 9
+1 9
+1 9
+7 2
+1 2
+2 2
+1 2
+2 2
+1 2
+1 2
+2 2
+1 2
+1 2
+4 2
+1 2
+1 2
+1 2
+1 2
+1 2
+41 15
+1 15
+1 15
+1 15
+1 15
+2 15
+1 15
+1 15
+1 15
+1 15
+1 15
+1 15
+1 6
+4 6
+1 6
+1 6
+6 6
+1 6
+1 12
+4 6
+1 6
+3 6
+1 6
+1 6
+2 6
+1 6
+1 6
+4 6
+1 6
+1 6
+1 6
+1 6
+1 6
+69 13
+1 13
+1 13
+1 13
+1 13
+2 13
+1 13
+1 13
+1 13
+1 13
+1 13
+1 13
+2 5
+4 5
+1 5
+1 5
+6 5
+1 5
+2 10
+4 5
+1 5
+3 5
+1 5
+1 5
+2 5
+1 5
+1 5
+4 5
+1 5
+1 5
+1 5
+1 5
+1 5
+7 1
+1 1
+2 1
+1 1
+2 1
+1 1
+1 1
+2 1
+1 1
+1 1
+4 1
+1 1
+1 1
+1 1
+1 1
+1 1
+43 63
+2 63
+1 63
+1 63
+1 63
-3 88
+1 88
+1 88
+1 88
+1 152
+5 76
+6 76
+1 76
+8 76
+1 76
-16 310
+6 310
+1 310
+8 310
+1 310

fl=(58)
fn=(184)
33 2
+2 7
-2 4
+7 1
-7 2
+7 1
-7 2
+7 1
-7 1
+7 1
cfi=(11)
cfn=(28)
calls=1 387 
* 24
* 3
+7 1
+2 6

fl=(76)
fn=(260)
361 8
-76 1
-10 2
+2 2
-1 1
+6 1
+3 1
+8 1
-11 1
+1 1
-1 1
+1 1
-1 1
+1 1
+10 4
+70 6

fn=(492)
331 1
+3 2
+16 1

ob=(4)
fl=(156)
fn=(504)
0 12

ob=(5)
fl=(161)
fn=(526)
0 12

fn=(524)
0 364

ob=(3)
fl=(153)
fn=(602)
0 6
cob=(2)
cfi=(184)
cfn=(604)
calls=3 3294 
0 2187

fn=(748)
0 4
cob=(2)
cfi=(217)
cfn=(750)
calls=2 158 
0 37

fn=(704)
0 86
cob=(2)
cfi=(208)
cfn=(706)
calls=43 52 
0 1286

fn=(554)
0 2
cob=(1)
cfi=(48)
cfn=(556)
calls=1 118 
0 5

fn=(756)
0 2
cob=(2)
cfi=(184)
cfn=(758)
calls=1 3699 
0 239

fn=(682)
0 6
cob=(2)
cfi=(184)
cfn=(684)
calls=3 3407 
0 804

fn=(720)
0 12
cob=(2)
cfi=(184)
cfn=(722)
calls=6 3359 
0 510

fn=(476)
0 40
cob=(1)
cfi=(11)
cfn=(28)
calls=20 387 
0 469

fn=(514)
0 2
cob=(2)
cfi=(159)
cfn=(516)
calls=1 53 
0 34

fn=(678)
0 94
cob=(2)
cfi=(203)
cfn=(680)
calls=47 61 
0 1715

fn=(690)
0 98
cob=(2)
cfi=(204)
cfn=(692)
calls=49 255 
0 942

fn=(648)
0 2
cob=(2)
cfi=(196)
cfn=(650)
calls=1 53 
0 21

fn=(500)
0 7

fn=(542)
0 7

fn=(520)
0 7

ob=(6)
fl=(162)
fn=(534)
0 12
cob=(2)
cfi=(163)
cfn=(536)
calls=1 242 
0 2134844931

fn=(546)
0 7

fn=(796) std::io::stdio::_print
0 54
cfn=(798) std::io::stdio::print_to_buffer_if_capture_used
calls=6 0 
0 120
0 72
cfn=(810) <&std::io::stdio::Stdout as std::io::Write>::write_fmt
calls=6 0 
0 1392
0 37
cfn=(800) std::sync::once_lock::OnceLock<T>::initialize
calls=1 0 
0 151
0 1

fn=(832) mulprec_rs::mulprec::divide
0 79313992
cob=(2)
cfi=(217)
cfn=(750)
calls=2008 158 
0 186392600
0 255604235

fn=(776) std::sys::thread_local::guard::key::enable
0 12
cob=(2)
cfi=(226)
cfn=(778)
calls=1 25 
0 18
0 11
cob=(2)
cfi=(226)
cfn=(778)
calls=1 25 
0 27
0 6
cob=(2)
cfi=(227)
cfn=(780)
calls=1 25 
0 16
0 8
cob=(2)
cfi=(228)
cfn=(782)
calls=1 25 
0 37
0 5

fn=(824) <&std::io::stdio::Stdout as std::io::Write>::flush
0 150
cfn=(826) std::io::buffered::bufwriter::BufWriter<W>::flush_buf
calls=6 0 
0 444
0 72

fn=(786) std::sys::backtrace::__rust_begin_short_backtrace
0 2
cfn=(788) mulprec_rs::main
calls=1 0 
0 2134745978

fn=(788)
0 919
cob=(2)
cfi=(217)
cfn=(750)
calls=1 158 
0 92825
0 1
cfn=(790) std::time::Instant::now
calls=1 0 
0 32
0 6
cob=(2)
cfi=(217)
cfn=(750)
calls=1 158 
0 92817
0 4
cob=(2)
cfi=(217)
cfn=(750)
calls=1 158 
0 92825
0 5
cob=(2)
cfi=(217)
cfn=(750)
calls=1 158 
0 92825
0 4
cob=(2)
cfi=(217)
cfn=(750)
calls=1 158 
0 92825
0 4
cob=(2)
cfi=(217)
cfn=(750)
calls=1 158 
0 92825
0 4
cob=(2)
cfi=(217)
cfn=(750)
calls=1 158 
0 92825
0 4
cob=(2)
cfi=(217)
cfn=(750)
calls=1 158 
0 92825
0 4
cob=(2)
cfi=(217)
cfn=(750)
calls=1 158 
0 92825
0 5
cob=(2)
cfi=(217)
cfn=(750)
calls=1 158 
0 92825
0 6029
cob=(2)
cfi=(204)
cfn=(692)
calls=1004 255 
0 93179232
0 4016
cfn=(830) mulprec_rs::mulprec::multiple
calls=1004 0 
0 467428250
0 7083
cfn=(796)
calls=6 0 
0 1827
0 6
cfn=(820) std::io::stdio::stdout
calls=6 0 
0 30
0 18
cfn=(822) <std::io::stdio::Stdout as std::io::Write>::flush
calls=6 0 
0 720
0 7047
cob=(2)
cfi=(217)
cfn=(750)
calls=1005 158 
0 93289125
0 26130
cob=(2)
cfi=(217)
cfn=(750)
calls=1005 158 
0 93289125
0 25125
cfn=(830)
calls=1005 0 
0 468927527
0 5025
cob=(2)
cfi=(217)
cfn=(750)
calls=1005 158 
0 93281033
0 29116
cob=(2)
cfi=(217)
cfn=(750)
calls=1004 158 
0 93196300
0 27108
cfn=(832)
calls=1004 0 
0 260656923
0 4016
cfn=(832)
calls=1004 0 
0 260653904
0 209772029

fn=(808) __rdl_alloc
0 9
cob=(2)
cfi=(184)
cfn=(604)
calls=1 3294 
0 45

fn=(814) <std::io::Write::write_fmt::Adapter<T> as core::fmt::Write>::write_str
0 54
cfn=(816) <std::io::stdio::StdoutLock as std::io::Write>::write_all
calls=6 0 
0 666
0 66

fn=(816)
0 96
cfn=(818) core::slice::memchr::memrchr
calls=6 0 
0 306
0 96
cob=(2)
cfi=(204)
cfn=(692)
calls=6 255 
0 96
0 72

fn=(784) std::rt::lang_start::{{closure}}
0 7
cfn=(786)
calls=1 0 
0 2134745980

fn=(802) std::sys::sync::once::futex::Once::call
0 35
cfn=(804) std::sync::poison::once::Once::call_once_force::{{closure}}
calls=1 0 
0 82
0 12

fn=(820)
0 30

fn=(568) std::rt::lang_start_internal
0 24
cob=(2)
cfi=(169)
cfn=(570)
calls=1 27 
0 8
0 18
cob=(2)
cfi=(170)
cfn=(572)
calls=1 30 
0 120
0 4
cob=(2)
cfi=(175)
cfn=(584)
calls=1 32 
0 58
0 8
cob=(2)
cfi=(179)
cfn=(592)
calls=1 23 
0 3
0 3
cob=(2)
cfi=(180)
cfn=(594)
calls=1 33 
0 97496
0 9
cob=(2)
cfi=(220)
cfn=(762)
calls=1 24 
0 9
0 6
cob=(2)
cfi=(221)
cfn=(764)
calls=1 26 
0 191
0 39
cob=(2)
cfi=(173)
cfn=(578)
calls=1 26 
0 59
0 8
cfn=(766) std::sys::pal::unix::stack_overflow::imp::make_handler
calls=1 0 
0 247
0 8
cob=(2)
cfi=(173)
cfn=(578)
calls=1 26 
0 60
0 4
cob=(2)
cfi=(173)
cfn=(578)
calls=1 26 
0 59
0 12
cob=(2)
cfi=(173)
cfn=(578)
calls=1 26 
0 60
0 25
cfn=(776)
calls=1 0 
0 140
0 7
cfn=(784)
calls=1 0 
0 2134745987

fn=(790)
0 5
cfn=(792) std::sys::pal::unix::time::Timespec::now
calls=1 0 
0 27

fn=(812) core::fmt::write
0 174
cfn=(814)
calls=6 0 
0 786
0 90

fn=(818)
0 306

fn=(548)
0 12

fn=(792)
0 6
cob=(2)
cfi=(229)
cfn=(794)
calls=1 30 
0 11
0 10

fn=(822)
0 36
cfn=(824)
calls=6 0 
0 666
0 18

fn=(798)
0 120

fn=(800)
0 19
cfn=(802)
calls=1 0 
0 129
0 3

fn=(806) __rust_alloc
0 1
cfn=(808)
calls=1 0 
0 54

fn=(830)
0 24108
cob=(2)
cfi=(217)
cfn=(750)
calls=2009 158 
0 186485425
0 749846244

fn=(566)
0 9
cfn=(568)
calls=1 0 
0 2134844672

fn=(810)
0 198
cfn=(812)
calls=6 0 
0 1050
0 144

fn=(766)
0 18
cob=(2)
cfi=(222)
cfn=(768)
calls=1 120 
0 6
0 4
cob=(2)
cfi=(223)
cfn=(770)
calls=1 56 
0 146
0 11
cob=(2)
cfi=(224)
cfn=(772)
calls=1 47 
0 26
0 7
cob=(2)
cfi=(225)
cfn=(774)
calls=1 117 
0 6
0 9
cob=(2)
cfi=(222)
cfn=(768)
calls=1 120 
0 6
0 8

fn=(804)
0 14
cfn=(806)
calls=1 0 
0 55
0 13

fn=(826)
0 204
cob=(2)
cfi=(230)
cfn=(828)
calls=6 25 
0 48
0 192

totals: 2135101211
